<?xml version="1.0" encoding="UTF-8"?>
<testsuite xmlns:xsi="http://www.w3.org/2001/XMLSchema-instance" xsi:noNamespaceSchemaLocation="https://maven.apache.org/surefire/maven-surefire-plugin/xsd/surefire-test-report.xsd" version="3.0.2" name="com.contactmanagement.backend.BackendApplicationTests" time="142.211" tests="1" errors="0" skipped="0" failures="0" flakes="0">
  <properties>
[...]
</properties>
  <testcase name="contextLoads" classname="com.contactmanagement.backend.BackendApplicationTests" time="1.405">
    <system-out><![CDATA[02:10:51.764 [main] INFO org.testcontainers.images.PullPolicy -- Image pull policy will be performed by: DefaultPullPolicy()
02:10:51.779 [main] INFO org.testcontainers.utility.ImageNameSubstitutor -- Image name substitution will be performed by: DefaultImageNameSubstitutor (composite of 'ConfigurationFileImageNameSubstitutor' and 'PrefixingImageNameSubstitutor')
02:10:51.935 [main] INFO org.testcontainers.DockerClientFactory -- Testcontainers version: 2.0.5
02:10:53.668 [main] INFO org.testcontainers.dockerclient.DockerClientProviderStrategy -- Loaded org.testcontainers.dockerclient.NpipeSocketClientProviderStrategy from ~/.testcontainers.properties, will try it first
02:10:56.036 [main] INFO org.testcontainers.dockerclient.DockerClientProviderStrategy -- Found Docker environment with local Npipe socket (npipe:////./pipe/docker_engine)
02:10:56.040 [main] INFO org.testcontainers.DockerClientFactory -- Docker host IP address is localhost
02:10:56.141 [main] INFO org.testcontainers.DockerClientFactory -- Connected to docker: 
  Server Version: 29.6.1
  API Version: 1.55
  Operating System: Docker Desktop
  Total Memory: 3835 MB
  Labels: 
    com.docker.desktop.address=npipe://\\.\pipe\docker_cli
02:10:56.479 [main] INFO tc.testcontainers/ryuk:0.14.0 -- Creating container for image: testcontainers/ryuk:0.14.0
02:10:57.369 [main] INFO tc.testcontainers/ryuk:0.14.0 -- Container testcontainers/ryuk:0.14.0 is starting: 9e6deadddb1964f5bf913bc7b28cb810b7b33528e7fb4e9414cc7360d8676908
02:10:59.511 [main] INFO tc.testcontainers/ryuk:0.14.0 -- Container testcontainers/ryuk:0.14.0 started in PT3.0311515S
02:10:59.534 [main] INFO org.testcontainers.utility.RyukResourceReaper -- Ryuk started - will monitor and terminate Testcontainers containers on JVM exit
02:10:59.534 [main] INFO org.testcontainers.DockerClientFactory -- Checking the system...
02:10:59.536 [main] INFO org.testcontainers.DockerClientFactory -- ✔︎ Docker server version should be at least 1.6.0
02:10:59.538 [main] INFO tc.mcr.microsoft.com/mssql/server:2022-CU20-ubuntu-22.04 -- Creating container for image: mcr.microsoft.com/mssql/server:2022-CU20-ubuntu-22.04
02:10:59.756 [main] INFO org.testcontainers.utility.RegistryAuthLocator -- Credential helper/store (docker-credential-desktop) does not have credentials for mcr.microsoft.com
02:10:59.908 [main] INFO tc.mcr.microsoft.com/mssql/server:2022-CU20-ubuntu-22.04 -- Container mcr.microsoft.com/mssql/server:2022-CU20-ubuntu-22.04 is starting: 487a1493cdd0680b9797970caf244c731b5124768d8cd4b8365cf32bb5d7797c
02:11:00.683 [main] INFO tc.mcr.microsoft.com/mssql/server:2022-CU20-ubuntu-22.04 -- Waiting for database connection to become available at jdbc:sqlserver://localhost:55306 using query 'SELECT 1'
02:12:27.268 [main] INFO tc.mcr.microsoft.com/mssql/server:2022-CU20-ubuntu-22.04 -- Container mcr.microsoft.com/mssql/server:2022-CU20-ubuntu-22.04 started in PT1M27.7297371S
02:12:27.275 [main] INFO tc.mcr.microsoft.com/mssql/server:2022-CU20-ubuntu-22.04 -- Container is started (JDBC URL: jdbc:sqlserver://localhost:55306;encrypt=false)
02:12:28.774 [main] INFO org.springframework.test.context.support.AnnotationConfigContextLoaderUtils -- Could not detect default configuration classes for test class [com.contactmanagement.backend.BackendApplicationTests]: BackendApplicationTests does not declare any static, non-private, non-final, nested classes annotated with @Configuration.
02:12:30.059 [main] INFO org.springframework.boot.test.context.SpringBootTestContextBootstrapper -- Found @SpringBootConfiguration com.contactmanagement.backend.BackendApplication for test class com.contactmanagement.backend.BackendApplicationTests
02:12:30.823 [main] INFO org.springframework.test.context.support.AnnotationConfigContextLoaderUtils -- Could not detect default configuration classes for test class [com.contactmanagement.backend.BackendApplicationTests]: BackendApplicationTests does not declare any static, non-private, non-final, nested classes annotated with @Configuration.
02:12:30.865 [main] INFO org.springframework.boot.test.context.SpringBootTestContextBootstrapper -- Found @SpringBootConfiguration com.contactmanagement.backend.BackendApplication for test class com.contactmanagement.backend.BackendApplicationTests
02:12:31.591 [main] INFO org.springframework.boot.devtools.restart.RestartApplicationListener -- Restart disabled due to context in which it is running

  .   ____          _            __ _ _
 /\\ / ___'_ __ _ _(_)_ __  __ _ \ \ \ \
( ( )\___ | '_ | '_| | '_ \/ _` | \ \ \ \
 \\/  ___)| |_)| | | | | || (_| |  ) ) ) )
  '  |____| .__|_| |_|_| |_\__, | / / / /
 =========|_|==============|___/=/_/_/_/

 :: Spring Boot ::                (v4.1.0)

2026-09-02T02:12:33.404-07:00  INFO 26308 --- [backend] [           main] c.c.backend.BackendApplicationTests      : Starting BackendApplicationTests using Java 21.0.12 with PID 26308 (started by DC in D:\cohort-9-java-8620-syed\backend)
2026-09-02T02:12:33.410-07:00  INFO 26308 --- [backend] [           main] c.c.backend.BackendApplicationTests      : No active profile set, falling back to 1 default profile: "default"
2026-09-02T02:12:38.286-07:00  INFO 26308 --- [backend] [           main] .s.d.r.c.RepositoryConfigurationDelegate : Bootstrapping Spring Data JPA repositories in DEFAULT mode.
2026-09-02T02:12:38.758-07:00  INFO 26308 --- [backend] [           main] .s.d.r.c.RepositoryConfigurationDelegate : Finished Spring Data repository scanning in 404 ms. Found 4 JPA repository interfaces.
2026-09-02T02:12:44.638-07:00  INFO 26308 --- [backend] [           main] org.flywaydb.core.FlywayExecutor         : Database: jdbc:sqlserver://localhost:55306;concatNullYieldsNull=ON;quotedIdentifier=ON;connectRetryInterval=10;connectRetryCount=1;maxResultBuffer=-1;sendTemporalDataTypesAsStringForBulkCopy=true;delayLoadingLobs=true;useFmtOnly=false;vectorTypeSupport=v1;cacheBulkCopyMetadata=false;bulkCopyForBatchInsertAllowEncryptedValueModifications=false;bulkCopyForBatchInsertTableLock=false;bulkCopyForBatchInsertKeepNulls=false;bulkCopyForBatchInsertKeepIdentity=false;bulkCopyForBatchInsertFireTriggers=false;bulkCopyForBatchInsertCheckConstraints=false;bulkCopyForBatchInsertBatchSize=0;useBulkCopyForBatchInsert=false;cancelQueryTimeout=-1;sslProtocol=TLS;calcBigDecimalPrecision=false;useDefaultJaasConfig=false;jaasConfigurationName=SQLJDBCDriver;statementPoolingCacheSize=0;serverPreparedStatementDiscardThreshold=10;enablePrepareOnFirstPreparedStatementCall=false;fips=false;socketTimeout=0;authentication=NotSpecified;authenticationScheme=nativeAuthentication;xopenStates=false;datetimeParameterType=datetime2;sendTimeAsDatetime=true;replication=false;trustStoreType=JKS;trustServerCertificate=false;TransparentNetworkIPResolution=true;iPAddressPreference=IPv4First;serverNameAsACE=false;sendStringParametersAsUnicode=true;selectMethod=direct;responseBuffering=adaptive;queryTimeout=-1;packetSize=8000;multiSubnetFailover=false;loginTimeout=30;lockTimeout=-1;lastUpdateCount=true;useDefaultGSSCredential=false;prepareMethod=prepexec;encrypt=false;disableStatementPooling=true;columnEncryptionSetting=Disabled;applicationName=Microsoft JDBC Driver for SQL Server;applicationIntent=readwrite; (Microsoft SQL Server 16.0)
2026-09-02T02:12:45.313-07:00  INFO 26308 --- [backend] [           main] o.f.c.i.s.JdbcTableSchemaHistory         : Schema history table [master].[dbo].[flyway_schema_history] does not exist yet
2026-09-02T02:12:45.333-07:00  INFO 26308 --- [backend] [           main] o.f.core.internal.command.DbValidate     : Successfully validated 3 migrations (execution time 00:00.145s)
2026-09-02T02:12:45.608-07:00  INFO 26308 --- [backend] [           main] o.f.c.i.s.JdbcTableSchemaHistory         : Creating Schema History table [master].[dbo].[flyway_schema_history] ...
2026-09-02T02:12:45.852-07:00  INFO 26308 --- [backend] [           main] o.f.core.internal.command.DbMigrate      : Current version of schema [dbo]: << Empty Schema >>
2026-09-02T02:12:45.903-07:00  INFO 26308 --- [backend] [           main] o.f.core.internal.command.DbMigrate      : Migrating schema [dbo] to version "1 - create users table"
2026-09-02T02:12:46.101-07:00  INFO 26308 --- [backend] [           main] o.f.core.internal.command.DbMigrate      : Migrating schema [dbo] to version "2 - create contacts tables"
2026-09-02T02:12:46.607-07:00  INFO 26308 --- [backend] [           main] o.f.core.internal.command.DbMigrate      : Migrating schema [dbo] to version "3 - fix nullable user identifier uniqueness"
2026-09-02T02:12:46.741-07:00  INFO 26308 --- [backend] [           main] o.f.core.internal.command.DbMigrate      : Successfully applied 3 migrations to schema [dbo], now at version v3 (execution time 00:00.510s)
2026-09-02T02:12:47.240-07:00  INFO 26308 --- [backend] [           main] org.hibernate.orm.jpa                    : HHH008540: Processing PersistenceUnitInfo [name: default]
2026-09-02T02:12:47.562-07:00  INFO 26308 --- [backend] [           main] org.hibernate.orm.core                   : HHH000001: Hibernate ORM core version 7.4.1.Final
2026-09-02T02:12:50.295-07:00  INFO 26308 --- [backend] [           main] o.s.o.j.p.SpringPersistenceUnitInfo      : No LoadTimeWeaver setup: ignoring JPA class transformer
2026-09-02T02:12:50.521-07:00  INFO 26308 --- [backend] [           main] com.zaxxer.hikari.HikariDataSource       : HikariPool-1 - Starting...
2026-09-02T02:12:50.698-07:00  INFO 26308 --- [backend] [           main] com.zaxxer.hikari.pool.HikariPool        : HikariPool-1 - Added connection ConnectionID:460 ClientConnectionId: d9ebfc98-3945-45dc-8831-6fcd33a8abbd
2026-09-02T02:12:50.706-07:00  INFO 26308 --- [backend] [           main] com.zaxxer.hikari.HikariDataSource       : HikariPool-1 - Start completed.
2026-09-02T02:12:51.423-07:00  INFO 26308 --- [backend] [           main] org.hibernate.orm.connections.pooling    : HHH10001005: Database info:
	Database JDBC URL [jdbc:sqlserver://localhost:55306;concatNullYieldsNull=ON;quotedIdentifier=ON;connectRetryInterval=10;connectRetryCount=1;maxResultBuffer=-1;sendTemporalDataTypesAsStringForBulkCopy=true;delayLoadingLobs=true;useFmtOnly=false;vectorTypeSupport=v1;cacheBulkCopyMetadata=false;bulkCopyForBatchInsertAllowEncryptedValueModifications=false;bulkCopyForBatchInsertTableLock=false;bulkCopyForBatchInsertKeepNulls=false;bulkCopyForBatchInsertKeepIdentity=false;bulkCopyForBatchInsertFireTriggers=false;bulkCopyForBatchInsertCheckConstraints=false;bulkCopyForBatchInsertBatchSize=0;useBulkCopyForBatchInsert=false;cancelQueryTimeout=-1;sslProtocol=TLS;calcBigDecimalPrecision=false;useDefaultJaasConfig=false;jaasConfigurationName=SQLJDBCDriver;statementPoolingCacheSize=0;serverPreparedStatementDiscardThreshold=10;enablePrepareOnFirstPreparedStatementCall=false;fips=false;socketTimeout=0;authentication=NotSpecified;authenticationScheme=nativeAuthentication;xopenStates=false;datetimeParameterType=datetime2;sendTimeAsDatetime=true;replication=false;trustStoreType=JKS;trustServerCertificate=false;TransparentNetworkIPResolution=true;iPAddressPreference=IPv4First;serverNameAsACE=false;sendStringParametersAsUnicode=true;selectMethod=direct;responseBuffering=adaptive;queryTimeout=-1;packetSize=8000;multiSubnetFailover=false;loginTimeout=30;lockTimeout=-1;lastUpdateCount=true;useDefaultGSSCredential=false;prepareMethod=prepexec;encrypt=false;disableStatementPooling=true;columnEncryptionSetting=Disabled;applicationName=Microsoft JDBC Driver for SQL Server;applicationIntent=readwrite;]
	Database driver: Microsoft JDBC Driver 13.4 for SQL Server
	Database dialect: SQLServerDialect
	Database version: 16.0
	Default catalog/schema: master/dbo
	Autocommit mode: undefined/unknown
	Isolation level: READ_COMMITTED [default READ_COMMITTED]
	JDBC fetch size: 128
	Pool: DataSourceConnectionProvider
	Minimum pool size: undefined/unknown
	Maximum pool size: undefined/unknown
2026-09-02T02:13:00.128-07:00  INFO 26308 --- [backend] [           main] org.hibernate.orm.core                   : HHH000489: No JTA platform available (set 'hibernate.transaction.jta.platform' to enable JTA platform integration)
2026-09-02T02:13:02.797-07:00  INFO 26308 --- [backend] [           main] j.LocalContainerEntityManagerFactoryBean : Initialized JPA EntityManagerFactory for persistence unit 'default'
2026-09-02T02:13:03.410-07:00  INFO 26308 --- [backend] [           main] o.s.d.j.r.query.QueryEnhancerFactories   : Hibernate is in classpath; If applicable, HQL parser will be used.
2026-09-02T02:13:05.450-07:00  WARN 26308 --- [backend] [           main] JpaBaseConfiguration$JpaWebConfiguration : spring.jpa.open-in-view is enabled by default. Therefore, database queries may be performed during view rendering. Explicitly configure spring.jpa.open-in-view to disable this warning
2026-09-02T02:13:06.114-07:00  WARN 26308 --- [backend] [           main] .s.a.UserDetailsServiceAutoConfiguration : 

Using generated security password: 023cd4a8-a17f-455a-8498-097a04e1b56a

This generated password is for development use only. Your security configuration must be updated before running your application in production.

2026-09-02T02:13:06.160-07:00  INFO 26308 --- [backend] [           main] r$InitializeUserDetailsManagerConfigurer : Global AuthenticationManager configured with UserDetailsService bean with name inMemoryUserDetailsManager
2026-09-02T02:13:08.788-07:00  INFO 26308 --- [backend] [           main] c.c.backend.BackendApplicationTests      : Started BackendApplicationTests in 37.327 seconds (process running for 140.565)
]]></system-out>
    <system-err><![CDATA[Sep 02, 2026 2:11:01 AM com.microsoft.sqlserver.jdbc.SQLServerConnection prelogin
WARNING: ConnectionID:1 ClientConnectionId: 0d9ce3aa-de9a-4254-a40b-e6f4f53af928 Prelogin error: host localhost port 55306 Unexpected end of prelogin response after 0 bytes read
Sep 02, 2026 2:11:01 AM com.microsoft.sqlserver.jdbc.SQLServerConnection prelogin
WARNING: ConnectionID:1 ClientConnectionId: e92fcad5-21a0-4cff-9e55-b003b284ffa8 Prelogin error: host localhost port 55306 Unexpected end of prelogin response after 0 bytes read
Sep 02, 2026 2:11:01 AM com.microsoft.sqlserver.jdbc.SQLServerConnection prelogin
WARNING: ConnectionID:2 ClientConnectionId: 97f0d707-2b03-4897-a3b8-82b320485362 Prelogin error: host localhost port 55306 Unexpected end of prelogin response after 0 bytes read
Sep 02, 2026 2:11:01 AM com.microsoft.sqlserver.jdbc.SQLServerConnection prelogin
WARNING: ConnectionID:2 ClientConnectionId: 6e230b47-dd16-49aa-907a-d1992587ad78 Prelogin error: host localhost port 55306 Unexpected end of prelogin response after 0 bytes read
Sep 02, 2026 2:11:01 AM com.microsoft.sqlserver.jdbc.SQLServerConnection prelogin
WARNING: ConnectionID:3 ClientConnectionId: 2c3d25b1-6377-4a16-94be-cc4763a8aacd Prelogin error: host localhost port 55306 Unexpected end of prelogin response after 0 bytes read
Sep 02, 2026 2:11:01 AM com.microsoft.sqlserver.jdbc.SQLServerConnection prelogin
WARNING: ConnectionID:3 ClientConnectionId: a50a1895-5a48-430a-87f7-c419f8c93404 Prelogin error: host localhost port 55306 Unexpected end of prelogin response after 0 bytes read
Sep 02, 2026 2:11:01 AM com.microsoft.sqlserver.jdbc.SQLServerConnection prelogin
WARNING: ConnectionID:4 ClientConnectionId: 019b42de-9f74-48fc-aa15-3c04b698de33 Prelogin error: host localhost port 55306 Unexpected end of prelogin response after 0 bytes read
Sep 02, 2026 2:11:01 AM com.microsoft.sqlserver.jdbc.SQLServerConnection prelogin
WARNING: ConnectionID:4 ClientConnectionId: 60e0bbf3-e0ee-43d4-9366-950bf1412472 Prelogin error: host localhost port 55306 Unexpected end of prelogin response after 0 bytes read
Sep 02, 2026 2:11:02 AM com.microsoft.sqlserver.jdbc.SQLServerConnection prelogin
WARNING: ConnectionID:5 ClientConnectionId: 20eee593-d01e-438d-a70d-722c9a91a365 Prelogin error: host localhost port 55306 Unexpected end of prelogin response after 0 bytes read
Sep 02, 2026 2:11:02 AM com.microsoft.sqlserver.jdbc.SQLServerConnection prelogin
WARNING: ConnectionID:5 ClientConnectionId: 89cf7dc4-b31f-4218-b547-ed799df51bc6 Prelogin error: host localhost port 55306 Unexpected end of prelogin response after 0 bytes read
Sep 02, 2026 2:11:02 AM com.microsoft.sqlserver.jdbc.SQLServerConnection prelogin
WARNING: ConnectionID:6 ClientConnectionId: 9b029600-c464-4e39-bbf3-9f8024497085 Prelogin error: host localhost port 55306 Unexpected end of prelogin response after 0 bytes read
Sep 02, 2026 2:11:02 AM com.microsoft.sqlserver.jdbc.SQLServerConnection prelogin
WARNING: ConnectionID:6 ClientConnectionId: aeff8192-ce7c-484b-a2d0-8f89a9c713a1 Prelogin error: host localhost port 55306 Unexpected end of prelogin response after 0 bytes read
Sep 02, 2026 2:11:02 AM com.microsoft.sqlserver.jdbc.SQLServerConnection prelogin
WARNING: ConnectionID:7 ClientConnectionId: 8b926401-6b92-4d7d-9e77-9972bc52fc38 Prelogin error: host localhost port 55306 Unexpected end of prelogin response after 0 bytes read
Sep 02, 2026 2:11:02 AM com.microsoft.sqlserver.jdbc.SQLServerConnection prelogin
WARNING: ConnectionID:7 ClientConnectionId: e64ef351-692a-437e-aaef-0c5f60a87fb6 Prelogin error: host localhost port 55306 Unexpected end of prelogin response after 0 bytes read
Sep 02, 2026 2:11:02 AM com.microsoft.sqlserver.jdbc.SQLServerConnection prelogin
WARNING: ConnectionID:8 ClientConnectionId: a77e81bb-8cf1-43da-a939-457d337972fe Prelogin error: host localhost port 55306 Unexpected end of prelogin response after 0 bytes read
Sep 02, 2026 2:11:02 AM com.microsoft.sqlserver.jdbc.SQLServerConnection prelogin
WARNING: ConnectionID:8 ClientConnectionId: 7fd84cf4-057d-4146-837c-54309a154e73 Prelogin error: host localhost port 55306 Unexpected end of prelogin response after 0 bytes read
Sep 02, 2026 2:11:02 AM com.microsoft.sqlserver.jdbc.SQLServerConnection prelogin
WARNING: ConnectionID:9 ClientConnectionId: 7c9a919f-ce20-4624-9f39-0e6b475e8443 Prelogin error: host localhost port 55306 Unexpected end of prelogin response after 0 bytes read
Sep 02, 2026 2:11:02 AM com.microsoft.sqlserver.jdbc.SQLServerConnection prelogin
WARNING: ConnectionID:9 ClientConnectionId: df389fb2-81b3-4979-a568-6c7207d0e0c1 Prelogin error: host localhost port 55306 Unexpected end of prelogin response after 0 bytes read
Sep 02, 2026 2:11:02 AM com.microsoft.sqlserver.jdbc.SQLServerConnection prelogin
WARNING: ConnectionID:10 ClientConnectionId: 6034d87d-f2b0-43e9-b2ca-59ec6c7d1e1d Prelogin error: host localhost port 55306 Unexpected end of prelogin response after 0 bytes read
Sep 02, 2026 2:11:02 AM com.microsoft.sqlserver.jdbc.SQLServerConnection prelogin
WARNING: ConnectionID:10 ClientConnectionId: e9bd3508-342d-4520-9d1f-2c7b6635761a Prelogin error: host localhost port 55306 Unexpected end of prelogin response after 0 bytes read
Sep 02, 2026 2:11:03 AM com.microsoft.sqlserver.jdbc.SQLServerConnection prelogin
WARNING: ConnectionID:11 ClientConnectionId: 70602c58-8500-448d-b6f8-0ee746833693 Prelogin error: host localhost port 55306 Unexpected end of prelogin response after 0 bytes read
Sep 02, 2026 2:11:03 AM com.microsoft.sqlserver.jdbc.SQLServerConnection prelogin
WARNING: ConnectionID:11 ClientConnectionId: 4e95a66a-cf69-4aad-b390-fe2b55bce8a0 Prelogin error: host localhost port 55306 Unexpected end of prelogin response after 0 bytes read
Sep 02, 2026 2:11:03 AM com.microsoft.sqlserver.jdbc.SQLServerConnection prelogin
WARNING: ConnectionID:12 ClientConnectionId: dd9c6b69-215b-4f84-a7cc-12b8dbc17283 Prelogin error: host localhost port 55306 Unexpected end of prelogin response after 0 bytes read
Sep 02, 2026 2:11:03 AM com.microsoft.sqlserver.jdbc.SQLServerConnection prelogin
WARNING: ConnectionID:12 ClientConnectionId: f4fd195e-9808-4937-b206-9cb5e07a984a Prelogin error: host localhost port 55306 Unexpected end of prelogin response after 0 bytes read
Sep 02, 2026 2:11:03 AM com.microsoft.sqlserver.jdbc.SQLServerConnection prelogin
WARNING: ConnectionID:13 ClientConnectionId: 7a4c5040-0e81-41f9-9f27-ffd8ff8ce6de Prelogin error: host localhost port 55306 Unexpected end of prelogin response after 0 bytes read
Sep 02, 2026 2:11:03 AM com.microsoft.sqlserver.jdbc.SQLServerConnection prelogin
WARNING: ConnectionID:13 ClientConnectionId: 69aa4482-7ff1-4339-8de9-20ed41efb7ca Prelogin error: host localhost port 55306 Unexpected end of prelogin response after 0 bytes read
Sep 02, 2026 2:11:03 AM com.microsoft.sqlserver.jdbc.SQLServerConnection prelogin
WARNING: ConnectionID:14 ClientConnectionId: 5e49a6fb-cacf-434e-bcc8-7d3af07f87b2 Prelogin error: host localhost port 55306 Unexpected end of prelogin response after 0 bytes read
Sep 02, 2026 2:11:03 AM com.microsoft.sqlserver.jdbc.SQLServerConnection prelogin
WARNING: ConnectionID:14 ClientConnectionId: 0ac2721e-f8b6-4470-b771-1097e968aa4b Prelogin error: host localhost port 55306 Unexpected end of prelogin response after 0 bytes read
Sep 02, 2026 2:11:03 AM com.microsoft.sqlserver.jdbc.SQLServerConnection prelogin
WARNING: ConnectionID:15 ClientConnectionId: 0e09f84d-f6ad-46bb-8bc7-c38cdbf51f3d Prelogin error: host localhost port 55306 Unexpected end of prelogin response after 0 bytes read
Sep 02, 2026 2:11:03 AM com.microsoft.sqlserver.jdbc.SQLServerConnection prelogin
WARNING: ConnectionID:15 ClientConnectionId: 17b2ae4f-1a37-44d1-9399-eab82d873f4d Prelogin error: host localhost port 55306 Unexpected end of prelogin response after 0 bytes read
Sep 02, 2026 2:11:03 AM com.microsoft.sqlserver.jdbc.SQLServerConnection prelogin
WARNING: ConnectionID:16 ClientConnectionId: a44c4118-7716-4d39-a0d3-1a53d4f46d1b Prelogin error: host localhost port 55306 Unexpected end of prelogin response after 0 bytes read
Sep 02, 2026 2:11:03 AM com.microsoft.sqlserver.jdbc.SQLServerConnection prelogin
WARNING: ConnectionID:16 ClientConnectionId: 13fdcd31-2d7c-47a8-845d-03de83ef0e17 Prelogin error: host localhost port 55306 Unexpected end of prelogin response after 0 bytes read
Sep 02, 2026 2:11:04 AM com.microsoft.sqlserver.jdbc.SQLServerConnection prelogin
WARNING: ConnectionID:17 ClientConnectionId: 13b3f6b4-bd4a-48ae-a463-ea73826387b5 Prelogin error: host localhost port 55306 Unexpected end of prelogin response after 0 bytes read
Sep 02, 2026 2:11:04 AM com.microsoft.sqlserver.jdbc.SQLServerConnection prelogin
WARNING: ConnectionID:17 ClientConnectionId: f6816986-3a46-4599-b56f-c1e0f5b8d58e Prelogin error: host localhost port 55306 Unexpected end of prelogin response after 0 bytes read
Sep 02, 2026 2:11:04 AM com.microsoft.sqlserver.jdbc.SQLServerConnection prelogin
WARNING: ConnectionID:18 ClientConnectionId: ff2c1ff2-0f38-4d82-a42f-d46e9de83601 Prelogin error: host localhost port 55306 Unexpected end of prelogin response after 0 bytes read
Sep 02, 2026 2:11:04 AM com.microsoft.sqlserver.jdbc.SQLServerConnection prelogin
WARNING: ConnectionID:18 ClientConnectionId: b3c49681-16c2-4285-bb51-6d396f6a3456 Prelogin error: host localhost port 55306 Unexpected end of prelogin response after 0 bytes read
Sep 02, 2026 2:11:04 AM com.microsoft.sqlserver.jdbc.SQLServerConnection prelogin
WARNING: ConnectionID:19 ClientConnectionId: 6791e016-4529-43c0-93f9-9d5490ac9aae Prelogin error: host localhost port 55306 Unexpected end of prelogin response after 0 bytes read
Sep 02, 2026 2:11:04 AM com.microsoft.sqlserver.jdbc.SQLServerConnection prelogin
WARNING: ConnectionID:19 ClientConnectionId: c75ed556-1469-4136-ac3f-0e0e9400d056 Prelogin error: host localhost port 55306 Unexpected end of prelogin response after 0 bytes read
Sep 02, 2026 2:11:04 AM com.microsoft.sqlserver.jdbc.SQLServerConnection prelogin
WARNING: ConnectionID:20 ClientConnectionId: 6f55650e-b0ee-46f8-8745-0b518801e3ca Prelogin error: host localhost port 55306 Unexpected end of prelogin response after 0 bytes read
Sep 02, 2026 2:11:04 AM com.microsoft.sqlserver.jdbc.SQLServerConnection prelogin
WARNING: ConnectionID:20 ClientConnectionId: 40f921b1-2457-484f-8073-7aca28dbddf7 Prelogin error: host localhost port 55306 Unexpected end of prelogin response after 0 bytes read
Sep 02, 2026 2:11:04 AM com.microsoft.sqlserver.jdbc.SQLServerConnection prelogin
WARNING: ConnectionID:21 ClientConnectionId: 4b9258f7-faa5-4083-a22e-eaea45fc22ba Prelogin error: host localhost port 55306 Unexpected end of prelogin response after 0 bytes read
Sep 02, 2026 2:11:04 AM com.microsoft.sqlserver.jdbc.SQLServerConnection prelogin
WARNING: ConnectionID:21 ClientConnectionId: cc4a8b39-6957-4634-baaa-68be42bdc9af Prelogin error: host localhost port 55306 Unexpected end of prelogin response after 0 bytes read
Sep 02, 2026 2:11:04 AM com.microsoft.sqlserver.jdbc.SQLServerConnection prelogin
WARNING: ConnectionID:22 ClientConnectionId: d55bf96e-4846-4cbe-b8a2-5a6aa5479fbe Prelogin error: host localhost port 55306 Unexpected end of prelogin response after 0 bytes read
Sep 02, 2026 2:11:04 AM com.microsoft.sqlserver.jdbc.SQLServerConnection prelogin
WARNING: ConnectionID:22 ClientConnectionId: 99bea4e4-7831-477e-b284-2e5181f81566 Prelogin error: host localhost port 55306 Unexpected end of prelogin response after 0 bytes read
Sep 02, 2026 2:11:04 AM com.microsoft.sqlserver.jdbc.SQLServerConnection prelogin
WARNING: ConnectionID:23 ClientConnectionId: 7d65b17e-099d-4d62-980b-5353e697c678 Prelogin error: host localhost port 55306 Unexpected end of prelogin response after 0 bytes read
Sep 02, 2026 2:11:05 AM com.microsoft.sqlserver.jdbc.SQLServerConnection prelogin
WARNING: ConnectionID:23 ClientConnectionId: 6f45d912-358b-4410-b883-78e01636b350 Prelogin error: host localhost port 55306 Unexpected end of prelogin response after 0 bytes read
Sep 02, 2026 2:11:05 AM com.microsoft.sqlserver.jdbc.SQLServerConnection prelogin
WARNING: ConnectionID:24 ClientConnectionId: 2981795b-ac6c-4a7f-97f5-87915bc1e1f9 Prelogin error: host localhost port 55306 Unexpected end of prelogin response after 0 bytes read
Sep 02, 2026 2:11:05 AM com.microsoft.sqlserver.jdbc.SQLServerConnection prelogin
WARNING: ConnectionID:24 ClientConnectionId: 485e71ba-a4d1-409f-8f8e-0ee9da5d3db0 Prelogin error: host localhost port 55306 Unexpected end of prelogin response after 0 bytes read
Sep 02, 2026 2:11:05 AM com.microsoft.sqlserver.jdbc.SQLServerConnection prelogin
WARNING: ConnectionID:25 ClientConnectionId: aef1185f-71e6-4078-9287-e5cf3b435517 Prelogin error: host localhost port 55306 Unexpected end of prelogin response after 0 bytes read
Sep 02, 2026 2:11:05 AM com.microsoft.sqlserver.jdbc.SQLServerConnection prelogin
WARNING: ConnectionID:25 ClientConnectionId: bc4f8008-8dc6-4d93-8d3a-7f8bbd0cfaaf Prelogin error: host localhost port 55306 Unexpected end of prelogin response after 0 bytes read
Sep 02, 2026 2:11:05 AM com.microsoft.sqlserver.jdbc.SQLServerConnection prelogin
WARNING: ConnectionID:26 ClientConnectionId: a5fafe1d-1197-4525-9d28-d5e265daaf54 Prelogin error: host localhost port 55306 Unexpected end of prelogin response after 0 bytes read
Sep 02, 2026 2:11:05 AM com.microsoft.sqlserver.jdbc.SQLServerConnection prelogin
WARNING: ConnectionID:26 ClientConnectionId: d2537e64-b4e1-4d9b-99fa-4fbbe79f59da Prelogin error: host localhost port 55306 Unexpected end of prelogin response after 0 bytes read
Sep 02, 2026 2:11:05 AM com.microsoft.sqlserver.jdbc.SQLServerConnection prelogin
WARNING: ConnectionID:27 ClientConnectionId: 2309319d-916e-4262-b407-3936d9689918 Prelogin error: host localhost port 55306 Unexpected end of prelogin response after 0 bytes read
Sep 02, 2026 2:11:05 AM com.microsoft.sqlserver.jdbc.SQLServerConnection prelogin
WARNING: ConnectionID:27 ClientConnectionId: bb1245f8-f877-43d2-927c-c0e0e9630baa Prelogin error: host localhost port 55306 Unexpected end of prelogin response after 0 bytes read
Sep 02, 2026 2:11:05 AM com.microsoft.sqlserver.jdbc.SQLServerConnection prelogin
WARNING: ConnectionID:28 ClientConnectionId: 445a4d92-2fb2-4be9-b9b0-dcb2445b930e Prelogin error: host localhost port 55306 Unexpected end of prelogin response after 0 bytes read
Sep 02, 2026 2:11:05 AM com.microsoft.sqlserver.jdbc.SQLServerConnection prelogin
WARNING: ConnectionID:28 ClientConnectionId: 92571389-be65-4148-a195-294d57fae566 Prelogin error: host localhost port 55306 Unexpected end of prelogin response after 0 bytes read
Sep 02, 2026 2:11:05 AM com.microsoft.sqlserver.jdbc.SQLServerConnection prelogin
WARNING: ConnectionID:29 ClientConnectionId: 39df2f0a-0c39-491d-8f72-b8f139e7abe9 Prelogin error: host localhost port 55306 Unexpected end of prelogin response after 0 bytes read
Sep 02, 2026 2:11:05 AM com.microsoft.sqlserver.jdbc.SQLServerConnection prelogin
WARNING: ConnectionID:29 ClientConnectionId: 790886f7-ab9e-458e-8eab-3cf04f2c9dbe Prelogin error: host localhost port 55306 Unexpected end of prelogin response after 0 bytes read
Sep 02, 2026 2:11:06 AM com.microsoft.sqlserver.jdbc.SQLServerConnection prelogin
WARNING: ConnectionID:30 ClientConnectionId: e0e7dd71-40bf-4d7e-a4d7-842a157e9a92 Prelogin error: host localhost port 55306 Unexpected end of prelogin response after 0 bytes read
Sep 02, 2026 2:11:06 AM com.microsoft.sqlserver.jdbc.SQLServerConnection prelogin
WARNING: ConnectionID:30 ClientConnectionId: d2c97777-7dc9-4762-9056-4d7b1ca6f154 Prelogin error: host localhost port 55306 Unexpected end of prelogin response after 0 bytes read
Sep 02, 2026 2:11:06 AM com.microsoft.sqlserver.jdbc.SQLServerConnection prelogin
WARNING: ConnectionID:31 ClientConnectionId: 30b3d033-750c-4f01-b69e-abb8283aafa3 Prelogin error: host localhost port 55306 Unexpected end of prelogin response after 0 bytes read
Sep 02, 2026 2:11:06 AM com.microsoft.sqlserver.jdbc.SQLServerConnection prelogin
WARNING: ConnectionID:31 ClientConnectionId: aa56863b-d3d6-4604-842b-9c979a0a5c6f Prelogin error: host localhost port 55306 Unexpected end of prelogin response after 0 bytes read
Sep 02, 2026 2:11:06 AM com.microsoft.sqlserver.jdbc.SQLServerConnection prelogin
WARNING: ConnectionID:32 ClientConnectionId: 6c6d3cc9-3abd-456e-86bc-d6b9117607fd Prelogin error: host localhost port 55306 Unexpected end of prelogin response after 0 bytes read
Sep 02, 2026 2:11:06 AM com.microsoft.sqlserver.jdbc.SQLServerConnection prelogin
WARNING: ConnectionID:32 ClientConnectionId: 282f4b37-bfa0-451a-9789-9eff75f46ff1 Prelogin error: host localhost port 55306 Unexpected end of prelogin response after 0 bytes read
Sep 02, 2026 2:11:06 AM com.microsoft.sqlserver.jdbc.SQLServerConnection prelogin
WARNING: ConnectionID:33 ClientConnectionId: 7164b743-bb05-4ace-bc70-54124bbb43c8 Prelogin error: host localhost port 55306 Unexpected end of prelogin response after 0 bytes read
Sep 02, 2026 2:11:06 AM com.microsoft.sqlserver.jdbc.SQLServerConnection prelogin
WARNING: ConnectionID:33 ClientConnectionId: ecfe6c06-6a04-49d9-92df-8a8027ab8c72 Prelogin error: host localhost port 55306 Unexpected end of prelogin response after 0 bytes read
Sep 02, 2026 2:11:06 AM com.microsoft.sqlserver.jdbc.SQLServerConnection prelogin
WARNING: ConnectionID:34 ClientConnectionId: 389c4bce-797d-4f9c-8b40-23acc3203a4a Prelogin error: host localhost port 55306 Unexpected end of prelogin response after 0 bytes read
Sep 02, 2026 2:11:06 AM com.microsoft.sqlserver.jdbc.SQLServerConnection prelogin
WARNING: ConnectionID:34 ClientConnectionId: bc8ed0cf-6d88-4506-8543-0d15a4d4828c Prelogin error: host localhost port 55306 Unexpected end of prelogin response after 0 bytes read
Sep 02, 2026 2:11:06 AM com.microsoft.sqlserver.jdbc.SQLServerConnection prelogin
WARNING: ConnectionID:35 ClientConnectionId: cb83904c-1bb4-49f2-ad1c-d40eeab3145f Prelogin error: host localhost port 55306 Unexpected end of prelogin response after 0 bytes read
Sep 02, 2026 2:11:06 AM com.microsoft.sqlserver.jdbc.SQLServerConnection prelogin
WARNING: ConnectionID:35 ClientConnectionId: 1a350229-cacd-4cbc-8cfb-9c842051b10c Prelogin error: host localhost port 55306 Unexpected end of prelogin response after 0 bytes read
Sep 02, 2026 2:11:07 AM com.microsoft.sqlserver.jdbc.SQLServerConnection prelogin
WARNING: ConnectionID:36 ClientConnectionId: 4a038c50-cc55-419d-a06f-40f297104818 Prelogin error: host localhost port 55306 Unexpected end of prelogin response after 0 bytes read
Sep 02, 2026 2:11:07 AM com.microsoft.sqlserver.jdbc.SQLServerConnection prelogin
WARNING: ConnectionID:36 ClientConnectionId: 0818d59a-39e9-417e-9e1a-b0a791211089 Prelogin error: host localhost port 55306 Unexpected end of prelogin response after 0 bytes read
Sep 02, 2026 2:11:07 AM com.microsoft.sqlserver.jdbc.SQLServerConnection prelogin
WARNING: ConnectionID:37 ClientConnectionId: 24a6d6ca-37c8-436b-958c-d0863d437a0b Prelogin error: host localhost port 55306 Unexpected end of prelogin response after 0 bytes read
Sep 02, 2026 2:11:07 AM com.microsoft.sqlserver.jdbc.SQLServerConnection prelogin
WARNING: ConnectionID:37 ClientConnectionId: 439f7029-2caf-43ff-81f3-e8edae1d0d78 Prelogin error: host localhost port 55306 Unexpected end of prelogin response after 0 bytes read
Sep 02, 2026 2:11:07 AM com.microsoft.sqlserver.jdbc.SQLServerConnection prelogin
WARNING: ConnectionID:38 ClientConnectionId: 35689965-4334-4652-a020-d6b2b87bdc13 Prelogin error: host localhost port 55306 Unexpected end of prelogin response after 0 bytes read
Sep 02, 2026 2:11:07 AM com.microsoft.sqlserver.jdbc.SQLServerConnection prelogin
WARNING: ConnectionID:38 ClientConnectionId: 0ca320de-76c7-4cac-afee-cb6a9956da6e Prelogin error: host localhost port 55306 Unexpected end of prelogin response after 0 bytes read
Sep 02, 2026 2:11:07 AM com.microsoft.sqlserver.jdbc.SQLServerConnection prelogin
WARNING: ConnectionID:39 ClientConnectionId: 472cc61a-ad0f-4858-a7ac-a8ae482f0cd5 Prelogin error: host localhost port 55306 Unexpected end of prelogin response after 0 bytes read
Sep 02, 2026 2:11:07 AM com.microsoft.sqlserver.jdbc.SQLServerConnection prelogin
WARNING: ConnectionID:39 ClientConnectionId: a317e665-65c5-4357-b7f4-97d97c61f451 Prelogin error: host localhost port 55306 Unexpected end of prelogin response after 0 bytes read
Sep 02, 2026 2:11:07 AM com.microsoft.sqlserver.jdbc.SQLServerConnection prelogin
WARNING: ConnectionID:40 ClientConnectionId: 1d8402aa-744d-4e1c-8fb6-16dfbede5a6e Prelogin error: host localhost port 55306 Unexpected end of prelogin response after 0 bytes read
Sep 02, 2026 2:11:07 AM com.microsoft.sqlserver.jdbc.SQLServerConnection prelogin
WARNING: ConnectionID:40 ClientConnectionId: bcae64a3-5a14-425a-9506-25dd703633e7 Prelogin error: host localhost port 55306 Unexpected end of prelogin response after 0 bytes read
Sep 02, 2026 2:11:07 AM com.microsoft.sqlserver.jdbc.SQLServerConnection prelogin
WARNING: ConnectionID:41 ClientConnectionId: e54d5a9d-9d91-4134-932a-77c3f9f9c302 Prelogin error: host localhost port 55306 Unexpected end of prelogin response after 0 bytes read
Sep 02, 2026 2:11:07 AM com.microsoft.sqlserver.jdbc.SQLServerConnection prelogin
WARNING: ConnectionID:41 ClientConnectionId: 99cd0917-ae12-4f95-9312-fc21dc1c30f2 Prelogin error: host localhost port 55306 Unexpected end of prelogin response after 0 bytes read
Sep 02, 2026 2:11:07 AM com.microsoft.sqlserver.jdbc.SQLServerConnection prelogin
WARNING: ConnectionID:42 ClientConnectionId: d59f37cd-9602-4eb5-8a12-b03e0d1b34f2 Prelogin error: host localhost port 55306 Unexpected end of prelogin response after 0 bytes read
Sep 02, 2026 2:11:07 AM com.microsoft.sqlserver.jdbc.SQLServerConnection prelogin
WARNING: ConnectionID:42 ClientConnectionId: ea62d826-a589-477d-b413-2a963260914c Prelogin error: host localhost port 55306 Unexpected end of prelogin response after 0 bytes read
Sep 02, 2026 2:11:07 AM com.microsoft.sqlserver.jdbc.SQLServerConnection prelogin
WARNING: ConnectionID:43 ClientConnectionId: 9daa9a88-b4cb-4509-83b3-4656f8ab32fd Prelogin error: host localhost port 55306 Unexpected end of prelogin response after 0 bytes read
Sep 02, 2026 2:11:07 AM com.microsoft.sqlserver.jdbc.SQLServerConnection prelogin
WARNING: ConnectionID:43 ClientConnectionId: 63262d92-e88b-4741-be99-289bfa42ca75 Prelogin error: host localhost port 55306 Unexpected end of prelogin response after 0 bytes read
Sep 02, 2026 2:11:08 AM com.microsoft.sqlserver.jdbc.SQLServerConnection prelogin
WARNING: ConnectionID:44 ClientConnectionId: 057550bd-070d-482f-953f-424e2655435f Prelogin error: host localhost port 55306 Unexpected end of prelogin response after 0 bytes read
Sep 02, 2026 2:11:08 AM com.microsoft.sqlserver.jdbc.SQLServerConnection prelogin
WARNING: ConnectionID:44 ClientConnectionId: 3178b0d9-b4f7-4381-bf4a-56304d437388 Prelogin error: host localhost port 55306 Unexpected end of prelogin response after 0 bytes read
Sep 02, 2026 2:11:08 AM com.microsoft.sqlserver.jdbc.SQLServerConnection prelogin
WARNING: ConnectionID:45 ClientConnectionId: a45c91f3-8b19-47d8-ae25-6af46a2f8811 Prelogin error: host localhost port 55306 Unexpected end of prelogin response after 0 bytes read
Sep 02, 2026 2:11:08 AM com.microsoft.sqlserver.jdbc.SQLServerConnection prelogin
WARNING: ConnectionID:45 ClientConnectionId: db22db88-ef31-40c5-821f-077ff3fb2d97 Prelogin error: host localhost port 55306 Unexpected end of prelogin response after 0 bytes read
Sep 02, 2026 2:11:08 AM com.microsoft.sqlserver.jdbc.SQLServerConnection prelogin
WARNING: ConnectionID:46 ClientConnectionId: 574af603-6f59-4211-8889-f9097b28f19a Prelogin error: host localhost port 55306 Unexpected end of prelogin response after 0 bytes read
Sep 02, 2026 2:11:08 AM com.microsoft.sqlserver.jdbc.SQLServerConnection prelogin
WARNING: ConnectionID:46 ClientConnectionId: 98fe1419-1b69-4587-8562-7f819fe3a270 Prelogin error: host localhost port 55306 Unexpected end of prelogin response after 0 bytes read
Sep 02, 2026 2:11:08 AM com.microsoft.sqlserver.jdbc.SQLServerConnection prelogin
WARNING: ConnectionID:47 ClientConnectionId: 7b0c3d14-e389-4bb3-a5ce-01ca5ddb8e04 Prelogin error: host localhost port 55306 Unexpected end of prelogin response after 0 bytes read
Sep 02, 2026 2:11:08 AM com.microsoft.sqlserver.jdbc.SQLServerConnection prelogin
WARNING: ConnectionID:47 ClientConnectionId: 952d8f4e-6ca4-47e1-9c88-2a60d50d9158 Prelogin error: host localhost port 55306 Unexpected end of prelogin response after 0 bytes read
Sep 02, 2026 2:11:08 AM com.microsoft.sqlserver.jdbc.SQLServerConnection prelogin
WARNING: ConnectionID:48 ClientConnectionId: ba02ff7e-a948-4aa4-aee2-ddc940489064 Prelogin error: host localhost port 55306 Unexpected end of prelogin response after 0 bytes read
Sep 02, 2026 2:11:08 AM com.microsoft.sqlserver.jdbc.SQLServerConnection prelogin
WARNING: ConnectionID:48 ClientConnectionId: c55cc42e-25e2-4e69-8f4d-4466843cf9ed Prelogin error: host localhost port 55306 Unexpected end of prelogin response after 0 bytes read
Sep 02, 2026 2:11:08 AM com.microsoft.sqlserver.jdbc.SQLServerConnection prelogin
WARNING: ConnectionID:49 ClientConnectionId: e46269be-3810-4d3c-8c37-280620e82df4 Prelogin error: host localhost port 55306 Unexpected end of prelogin response after 0 bytes read
Sep 02, 2026 2:11:08 AM com.microsoft.sqlserver.jdbc.SQLServerConnection prelogin
WARNING: ConnectionID:49 ClientConnectionId: acec9543-4aec-4dec-ae70-f6aae462731b Prelogin error: host localhost port 55306 Unexpected end of prelogin response after 0 bytes read
Sep 02, 2026 2:11:09 AM com.microsoft.sqlserver.jdbc.SQLServerConnection prelogin
WARNING: ConnectionID:50 ClientConnectionId: 633b23a5-833d-4704-a578-7e3c910a2951 Prelogin error: host localhost port 55306 Unexpected end of prelogin response after 0 bytes read
Sep 02, 2026 2:11:09 AM com.microsoft.sqlserver.jdbc.SQLServerConnection prelogin
WARNING: ConnectionID:50 ClientConnectionId: 64dc9e54-fae3-4336-924c-d7372b0b1f36 Prelogin error: host localhost port 55306 Unexpected end of prelogin response after 0 bytes read
Sep 02, 2026 2:11:09 AM com.microsoft.sqlserver.jdbc.SQLServerConnection prelogin
WARNING: ConnectionID:51 ClientConnectionId: 74feca3a-8820-400e-9237-3a5143213654 Prelogin error: host localhost port 55306 Unexpected end of prelogin response after 0 bytes read
Sep 02, 2026 2:11:09 AM com.microsoft.sqlserver.jdbc.SQLServerConnection prelogin
WARNING: ConnectionID:51 ClientConnectionId: 178e4a4a-04a4-44b4-9396-5be21523ab96 Prelogin error: host localhost port 55306 Unexpected end of prelogin response after 0 bytes read
Sep 02, 2026 2:11:09 AM com.microsoft.sqlserver.jdbc.SQLServerConnection prelogin
WARNING: ConnectionID:52 ClientConnectionId: 028d37a5-c9c8-4cee-be23-50e637cec3a7 Prelogin error: host localhost port 55306 Unexpected end of prelogin response after 0 bytes read
Sep 02, 2026 2:11:09 AM com.microsoft.sqlserver.jdbc.SQLServerConnection prelogin
WARNING: ConnectionID:52 ClientConnectionId: 24d875dc-136b-4912-8757-187371ec8202 Prelogin error: host localhost port 55306 Unexpected end of prelogin response after 0 bytes read
Sep 02, 2026 2:11:09 AM com.microsoft.sqlserver.jdbc.SQLServerConnection prelogin
WARNING: ConnectionID:53 ClientConnectionId: 0fa7a55a-4094-44b4-8793-6900d9150022 Prelogin error: host localhost port 55306 Unexpected end of prelogin response after 0 bytes read
Sep 02, 2026 2:11:09 AM com.microsoft.sqlserver.jdbc.SQLServerConnection prelogin
WARNING: ConnectionID:53 ClientConnectionId: f24d4e3f-042e-431d-9001-0331e7383f0a Prelogin error: host localhost port 55306 Unexpected end of prelogin response after 0 bytes read
Sep 02, 2026 2:11:09 AM com.microsoft.sqlserver.jdbc.SQLServerConnection prelogin
WARNING: ConnectionID:54 ClientConnectionId: c3c1f5fe-45ab-4378-8a6d-4007bafd6170 Prelogin error: host localhost port 55306 Unexpected end of prelogin response after 0 bytes read
Sep 02, 2026 2:11:09 AM com.microsoft.sqlserver.jdbc.SQLServerConnection prelogin
WARNING: ConnectionID:54 ClientConnectionId: 4f1071a9-05c3-4ac2-a7b8-7ec6eeb18345 Prelogin error: host localhost port 55306 Unexpected end of prelogin response after 0 bytes read
Sep 02, 2026 2:11:09 AM com.microsoft.sqlserver.jdbc.SQLServerConnection prelogin
WARNING: ConnectionID:55 ClientConnectionId: 732ad599-959c-46c0-940e-870d5d12e8fe Prelogin error: host localhost port 55306 Unexpected end of prelogin response after 0 bytes read
Sep 02, 2026 2:11:09 AM com.microsoft.sqlserver.jdbc.SQLServerConnection prelogin
WARNING: ConnectionID:55 ClientConnectionId: 98af7408-7850-4140-9400-652d36a5d351 Prelogin error: host localhost port 55306 Unexpected end of prelogin response after 0 bytes read
Sep 02, 2026 2:11:09 AM com.microsoft.sqlserver.jdbc.SQLServerConnection prelogin
WARNING: ConnectionID:56 ClientConnectionId: df4fc603-19c8-466c-8936-3b74b848be40 Prelogin error: host localhost port 55306 Unexpected end of prelogin response after 0 bytes read
Sep 02, 2026 2:11:09 AM com.microsoft.sqlserver.jdbc.SQLServerConnection prelogin
WARNING: ConnectionID:56 ClientConnectionId: 1726f7f2-2dbc-4272-a7a5-83ce28474cb4 Prelogin error: host localhost port 55306 Unexpected end of prelogin response after 0 bytes read
Sep 02, 2026 2:11:09 AM com.microsoft.sqlserver.jdbc.SQLServerConnection prelogin
WARNING: ConnectionID:57 ClientConnectionId: 7727b518-9925-4549-a949-8de83767b536 Prelogin error: host localhost port 55306 Unexpected end of prelogin response after 0 bytes read
Sep 02, 2026 2:11:10 AM com.microsoft.sqlserver.jdbc.SQLServerConnection prelogin
WARNING: ConnectionID:57 ClientConnectionId: b75b41dd-8e25-4e69-9292-35de2e4ee178 Prelogin error: host localhost port 55306 Unexpected end of prelogin response after 0 bytes read
Sep 02, 2026 2:11:10 AM com.microsoft.sqlserver.jdbc.SQLServerConnection prelogin
WARNING: ConnectionID:58 ClientConnectionId: da40acb6-db27-480c-8198-9bff77d70e7d Prelogin error: host localhost port 55306 Unexpected end of prelogin response after 0 bytes read
Sep 02, 2026 2:11:10 AM com.microsoft.sqlserver.jdbc.SQLServerConnection prelogin
WARNING: ConnectionID:58 ClientConnectionId: b9dc440e-098a-4b5b-8ba3-792d8085a0df Prelogin error: host localhost port 55306 Unexpected end of prelogin response after 0 bytes read
Sep 02, 2026 2:11:10 AM com.microsoft.sqlserver.jdbc.SQLServerConnection prelogin
WARNING: ConnectionID:59 ClientConnectionId: caf448ce-2de4-4801-8db8-cacf512ab5a3 Prelogin error: host localhost port 55306 Unexpected end of prelogin response after 0 bytes read
Sep 02, 2026 2:11:10 AM com.microsoft.sqlserver.jdbc.SQLServerConnection prelogin
WARNING: ConnectionID:59 ClientConnectionId: 59bdf08e-31f3-4542-9ff0-8a22851be842 Prelogin error: host localhost port 55306 Unexpected end of prelogin response after 0 bytes read
Sep 02, 2026 2:11:10 AM com.microsoft.sqlserver.jdbc.SQLServerConnection prelogin
WARNING: ConnectionID:60 ClientConnectionId: bf5642de-f868-42ea-a24d-e921bfa9896c Prelogin error: host localhost port 55306 Unexpected end of prelogin response after 0 bytes read
Sep 02, 2026 2:11:10 AM com.microsoft.sqlserver.jdbc.SQLServerConnection prelogin
WARNING: ConnectionID:60 ClientConnectionId: 4705d19d-ecf9-42b6-be45-82ca33a21e7b Prelogin error: host localhost port 55306 Unexpected end of prelogin response after 0 bytes read
Sep 02, 2026 2:11:10 AM com.microsoft.sqlserver.jdbc.SQLServerConnection prelogin
WARNING: ConnectionID:61 ClientConnectionId: 2f875b0a-245c-4b6b-9b09-76c9ad1ac233 Prelogin error: host localhost port 55306 Unexpected end of prelogin response after 0 bytes read
Sep 02, 2026 2:11:10 AM com.microsoft.sqlserver.jdbc.SQLServerConnection prelogin
WARNING: ConnectionID:61 ClientConnectionId: 93c6c7b9-ae17-495f-bcdf-d8d4600c3a37 Prelogin error: host localhost port 55306 Unexpected end of prelogin response after 0 bytes read
Sep 02, 2026 2:11:10 AM com.microsoft.sqlserver.jdbc.SQLServerConnection prelogin
WARNING: ConnectionID:62 ClientConnectionId: d9f49adf-90db-4771-be0f-b9e394045f30 Prelogin error: host localhost port 55306 Unexpected end of prelogin response after 0 bytes read
Sep 02, 2026 2:11:10 AM com.microsoft.sqlserver.jdbc.SQLServerConnection prelogin
WARNING: ConnectionID:62 ClientConnectionId: 9592fad1-bf25-4706-8e1b-82c619e4eecf Prelogin error: host localhost port 55306 Unexpected end of prelogin response after 0 bytes read
Sep 02, 2026 2:11:10 AM com.microsoft.sqlserver.jdbc.SQLServerConnection prelogin
WARNING: ConnectionID:63 ClientConnectionId: 5d812b66-8f25-45b7-b126-7484566d3e8c Prelogin error: host localhost port 55306 Unexpected end of prelogin response after 0 bytes read
Sep 02, 2026 2:11:10 AM com.microsoft.sqlserver.jdbc.SQLServerConnection prelogin
WARNING: ConnectionID:63 ClientConnectionId: 7a3ff110-17e6-47ca-bd75-aa0221c253ae Prelogin error: host localhost port 55306 Unexpected end of prelogin response after 0 bytes read
Sep 02, 2026 2:11:10 AM com.microsoft.sqlserver.jdbc.SQLServerConnection prelogin
WARNING: ConnectionID:64 ClientConnectionId: 6204f8af-19c5-4690-a0ef-8158fff57875 Prelogin error: host localhost port 55306 Unexpected end of prelogin response after 0 bytes read
Sep 02, 2026 2:11:10 AM com.microsoft.sqlserver.jdbc.SQLServerConnection prelogin
WARNING: ConnectionID:64 ClientConnectionId: 39bf5631-bae6-42d7-bafe-d75cefe28fbc Prelogin error: host localhost port 55306 Unexpected end of prelogin response after 0 bytes read
Sep 02, 2026 2:11:11 AM com.microsoft.sqlserver.jdbc.SQLServerConnection prelogin
WARNING: ConnectionID:65 ClientConnectionId: 55d6e9d5-1319-4af1-b97c-a0212a305d38 Prelogin error: host localhost port 55306 Unexpected end of prelogin response after 0 bytes read
Sep 02, 2026 2:11:11 AM com.microsoft.sqlserver.jdbc.SQLServerConnection prelogin
WARNING: ConnectionID:65 ClientConnectionId: 259871db-df2e-4b60-bc2a-f542374a3f2a Prelogin error: host localhost port 55306 Unexpected end of prelogin response after 0 bytes read
Sep 02, 2026 2:11:11 AM com.microsoft.sqlserver.jdbc.SQLServerConnection prelogin
WARNING: ConnectionID:66 ClientConnectionId: d62c5f8f-fe4c-4cbd-b958-20578e155dab Prelogin error: host localhost port 55306 Unexpected end of prelogin response after 0 bytes read
Sep 02, 2026 2:11:11 AM com.microsoft.sqlserver.jdbc.SQLServerConnection prelogin
WARNING: ConnectionID:66 ClientConnectionId: 1988fc46-01b6-426a-9361-0d449e458e3f Prelogin error: host localhost port 55306 Unexpected end of prelogin response after 0 bytes read
Sep 02, 2026 2:11:11 AM com.microsoft.sqlserver.jdbc.SQLServerConnection prelogin
WARNING: ConnectionID:67 ClientConnectionId: 4cd2adc7-b6da-4b69-b396-c73b389a35a3 Prelogin error: host localhost port 55306 Unexpected end of prelogin response after 0 bytes read
Sep 02, 2026 2:11:11 AM com.microsoft.sqlserver.jdbc.SQLServerConnection prelogin
WARNING: ConnectionID:67 ClientConnectionId: b1d6ab46-b869-4e96-8add-98f75a92628a Prelogin error: host localhost port 55306 Unexpected end of prelogin response after 0 bytes read
Sep 02, 2026 2:11:11 AM com.microsoft.sqlserver.jdbc.SQLServerConnection prelogin
WARNING: ConnectionID:68 ClientConnectionId: 5e8551d0-2654-4e5e-b86d-a2603b21193f Prelogin error: host localhost port 55306 Unexpected end of prelogin response after 0 bytes read
Sep 02, 2026 2:11:11 AM com.microsoft.sqlserver.jdbc.SQLServerConnection prelogin
WARNING: ConnectionID:68 ClientConnectionId: 103bd6ea-5537-4af0-951e-b3917e4d5c59 Prelogin error: host localhost port 55306 Unexpected end of prelogin response after 0 bytes read
Sep 02, 2026 2:11:11 AM com.microsoft.sqlserver.jdbc.SQLServerConnection prelogin
WARNING: ConnectionID:69 ClientConnectionId: 859d35ec-c8a5-48b1-be5d-095c7ea08916 Prelogin error: host localhost port 55306 Unexpected end of prelogin response after 0 bytes read
Sep 02, 2026 2:11:11 AM com.microsoft.sqlserver.jdbc.SQLServerConnection prelogin
WARNING: ConnectionID:69 ClientConnectionId: 1dbb6c7e-89e2-440b-8f10-34b49aae1ddb Prelogin error: host localhost port 55306 Unexpected end of prelogin response after 0 bytes read
Sep 02, 2026 2:11:11 AM com.microsoft.sqlserver.jdbc.SQLServerConnection prelogin
WARNING: ConnectionID:70 ClientConnectionId: cb192934-b70a-4a30-8177-acecdda70b48 Prelogin error: host localhost port 55306 Unexpected end of prelogin response after 0 bytes read
Sep 02, 2026 2:11:11 AM com.microsoft.sqlserver.jdbc.SQLServerConnection prelogin
WARNING: ConnectionID:70 ClientConnectionId: 3cc9ccda-ae8b-4490-903f-c259503fa7ae Prelogin error: host localhost port 55306 Unexpected end of prelogin response after 0 bytes read
Sep 02, 2026 2:11:11 AM com.microsoft.sqlserver.jdbc.SQLServerConnection prelogin
WARNING: ConnectionID:71 ClientConnectionId: efce3b83-bfdb-413a-bdb5-88d36473243a Prelogin error: host localhost port 55306 Unexpected end of prelogin response after 0 bytes read
Sep 02, 2026 2:11:11 AM com.microsoft.sqlserver.jdbc.SQLServerConnection prelogin
WARNING: ConnectionID:71 ClientConnectionId: e8e51d63-3964-4b31-a8eb-0167ed8d5850 Prelogin error: host localhost port 55306 Unexpected end of prelogin response after 0 bytes read
Sep 02, 2026 2:11:12 AM com.microsoft.sqlserver.jdbc.SQLServerConnection prelogin
WARNING: ConnectionID:72 ClientConnectionId: 687cf23e-0caf-4554-8d70-9f05c0e394c5 Prelogin error: host localhost port 55306 Unexpected end of prelogin response after 0 bytes read
Sep 02, 2026 2:11:12 AM com.microsoft.sqlserver.jdbc.SQLServerConnection prelogin
WARNING: ConnectionID:72 ClientConnectionId: 4ec35ec8-c969-4dd8-b033-a0ddb1adfefe Prelogin error: host localhost port 55306 Unexpected end of prelogin response after 0 bytes read
Sep 02, 2026 2:11:12 AM com.microsoft.sqlserver.jdbc.SQLServerConnection prelogin
WARNING: ConnectionID:73 ClientConnectionId: 9fb4fc40-fb5e-41e9-8ff4-a3b1fad521ff Prelogin error: host localhost port 55306 Unexpected end of prelogin response after 0 bytes read
Sep 02, 2026 2:11:12 AM com.microsoft.sqlserver.jdbc.SQLServerConnection prelogin
WARNING: ConnectionID:73 ClientConnectionId: 694ce45d-f1b9-47fe-995d-7603fea58586 Prelogin error: host localhost port 55306 Unexpected end of prelogin response after 0 bytes read
Sep 02, 2026 2:11:12 AM com.microsoft.sqlserver.jdbc.SQLServerConnection prelogin
WARNING: ConnectionID:74 ClientConnectionId: 8628d718-3121-4b85-8c14-42ee700e1004 Prelogin error: host localhost port 55306 Unexpected end of prelogin response after 0 bytes read
Sep 02, 2026 2:11:12 AM com.microsoft.sqlserver.jdbc.SQLServerConnection prelogin
WARNING: ConnectionID:74 ClientConnectionId: e9fb1521-80a9-48be-8814-21e3ace71372 Prelogin error: host localhost port 55306 Unexpected end of prelogin response after 0 bytes read
Sep 02, 2026 2:11:12 AM com.microsoft.sqlserver.jdbc.SQLServerConnection prelogin
WARNING: ConnectionID:75 ClientConnectionId: ae5f0832-c600-492f-88ff-35c65501f828 Prelogin error: host localhost port 55306 Unexpected end of prelogin response after 0 bytes read
Sep 02, 2026 2:11:12 AM com.microsoft.sqlserver.jdbc.SQLServerConnection prelogin
WARNING: ConnectionID:75 ClientConnectionId: 06053169-3613-4525-b3ab-2d1403cc578e Prelogin error: host localhost port 55306 Unexpected end of prelogin response after 0 bytes read
Sep 02, 2026 2:11:12 AM com.microsoft.sqlserver.jdbc.SQLServerConnection prelogin
WARNING: ConnectionID:76 ClientConnectionId: 84a57e12-40fa-467b-8b49-b6740d8edb4b Prelogin error: host localhost port 55306 Unexpected end of prelogin response after 0 bytes read
Sep 02, 2026 2:11:12 AM com.microsoft.sqlserver.jdbc.SQLServerConnection prelogin
WARNING: ConnectionID:76 ClientConnectionId: 13538a1d-5073-4953-a0ca-9c2380f54eed Prelogin error: host localhost port 55306 Unexpected end of prelogin response after 0 bytes read
Sep 02, 2026 2:11:12 AM com.microsoft.sqlserver.jdbc.SQLServerConnection prelogin
WARNING: ConnectionID:77 ClientConnectionId: 5a19978e-a338-4efc-9dd1-444e3f301376 Prelogin error: host localhost port 55306 Unexpected end of prelogin response after 0 bytes read
Sep 02, 2026 2:11:12 AM com.microsoft.sqlserver.jdbc.SQLServerConnection prelogin
WARNING: ConnectionID:77 ClientConnectionId: bb57245b-4135-4ebb-81e4-51b1a8879092 Prelogin error: host localhost port 55306 Unexpected end of prelogin response after 0 bytes read
Sep 02, 2026 2:11:12 AM com.microsoft.sqlserver.jdbc.SQLServerConnection prelogin
WARNING: ConnectionID:78 ClientConnectionId: 7f771b51-596f-4983-bcba-4431f6a04f3b Prelogin error: host localhost port 55306 Unexpected end of prelogin response after 0 bytes read
Sep 02, 2026 2:11:12 AM com.microsoft.sqlserver.jdbc.SQLServerConnection prelogin
WARNING: ConnectionID:78 ClientConnectionId: 0256aa32-9700-4b2d-af2c-8c7a49cc5058 Prelogin error: host localhost port 55306 Unexpected end of prelogin response after 0 bytes read
Sep 02, 2026 2:11:13 AM com.microsoft.sqlserver.jdbc.SQLServerConnection prelogin
WARNING: ConnectionID:79 ClientConnectionId: 8fcbc10a-a03a-4aa2-8bb9-64371ccbbec8 Prelogin error: host localhost port 55306 Unexpected end of prelogin response after 0 bytes read
Sep 02, 2026 2:11:13 AM com.microsoft.sqlserver.jdbc.SQLServerConnection prelogin
WARNING: ConnectionID:79 ClientConnectionId: ff6e5dbf-aed1-41d5-8a8e-571f4ddba411 Prelogin error: host localhost port 55306 Unexpected end of prelogin response after 0 bytes read
Sep 02, 2026 2:11:13 AM com.microsoft.sqlserver.jdbc.SQLServerConnection prelogin
WARNING: ConnectionID:80 ClientConnectionId: e953ef5b-5d86-4ae3-8a5a-6569d2d9df60 Prelogin error: host localhost port 55306 Unexpected end of prelogin response after 0 bytes read
Sep 02, 2026 2:11:13 AM com.microsoft.sqlserver.jdbc.SQLServerConnection prelogin
WARNING: ConnectionID:80 ClientConnectionId: 75459114-7398-479d-b722-c6006845f8c6 Prelogin error: host localhost port 55306 Unexpected end of prelogin response after 0 bytes read
Sep 02, 2026 2:11:13 AM com.microsoft.sqlserver.jdbc.SQLServerConnection prelogin
WARNING: ConnectionID:81 ClientConnectionId: 14e0001d-0946-4d11-b5af-ac4f3ca1a387 Prelogin error: host localhost port 55306 Unexpected end of prelogin response after 0 bytes read
Sep 02, 2026 2:11:13 AM com.microsoft.sqlserver.jdbc.SQLServerConnection prelogin
WARNING: ConnectionID:81 ClientConnectionId: 6a2a2fe0-110f-42d9-837e-5bb24afc6dec Prelogin error: host localhost port 55306 Unexpected end of prelogin response after 0 bytes read
Sep 02, 2026 2:11:13 AM com.microsoft.sqlserver.jdbc.SQLServerConnection prelogin
WARNING: ConnectionID:82 ClientConnectionId: 01e17def-640c-45d9-b6a2-1b2d3025c0f6 Prelogin error: host localhost port 55306 Unexpected end of prelogin response after 0 bytes read
Sep 02, 2026 2:11:13 AM com.microsoft.sqlserver.jdbc.SQLServerConnection prelogin
WARNING: ConnectionID:82 ClientConnectionId: ef8d70ff-1eda-4414-ad93-c4240cf2016d Prelogin error: host localhost port 55306 Unexpected end of prelogin response after 0 bytes read
Sep 02, 2026 2:11:13 AM com.microsoft.sqlserver.jdbc.SQLServerConnection prelogin
WARNING: ConnectionID:83 ClientConnectionId: c06cc65c-b966-4bab-b0cc-11c840529655 Prelogin error: host localhost port 55306 Unexpected end of prelogin response after 0 bytes read
Sep 02, 2026 2:11:13 AM com.microsoft.sqlserver.jdbc.SQLServerConnection prelogin
WARNING: ConnectionID:83 ClientConnectionId: ec858239-af30-4aac-b1a3-657b746b5a42 Prelogin error: host localhost port 55306 Unexpected end of prelogin response after 0 bytes read
Sep 02, 2026 2:11:13 AM com.microsoft.sqlserver.jdbc.SQLServerConnection prelogin
WARNING: ConnectionID:84 ClientConnectionId: 0bc8aceb-17c1-4add-9a50-bedf7572c32f Prelogin error: host localhost port 55306 Unexpected end of prelogin response after 0 bytes read
Sep 02, 2026 2:11:13 AM com.microsoft.sqlserver.jdbc.SQLServerConnection prelogin
WARNING: ConnectionID:84 ClientConnectionId: 739608bd-652d-4e2c-92b5-f2114bb915b6 Prelogin error: host localhost port 55306 Unexpected end of prelogin response after 0 bytes read
Sep 02, 2026 2:11:13 AM com.microsoft.sqlserver.jdbc.SQLServerConnection prelogin
WARNING: ConnectionID:85 ClientConnectionId: 4b91975e-5c01-4c4d-bf27-89d0f973cf51 Prelogin error: host localhost port 55306 Unexpected end of prelogin response after 0 bytes read
Sep 02, 2026 2:11:14 AM com.microsoft.sqlserver.jdbc.SQLServerConnection prelogin
WARNING: ConnectionID:85 ClientConnectionId: 38600b0f-b893-444b-9aa7-e7112ba2dca7 Prelogin error: host localhost port 55306 Unexpected end of prelogin response after 0 bytes read
Sep 02, 2026 2:11:14 AM com.microsoft.sqlserver.jdbc.SQLServerConnection prelogin
WARNING: ConnectionID:86 ClientConnectionId: 396d02d6-e9ba-42ca-82ee-e1d4b91d2790 Prelogin error: host localhost port 55306 Unexpected end of prelogin response after 0 bytes read
Sep 02, 2026 2:11:14 AM com.microsoft.sqlserver.jdbc.SQLServerConnection prelogin
WARNING: ConnectionID:86 ClientConnectionId: 39eea79d-9b22-4f0f-8847-4bfffb30767f Prelogin error: host localhost port 55306 Unexpected end of prelogin response after 0 bytes read
Sep 02, 2026 2:11:14 AM com.microsoft.sqlserver.jdbc.SQLServerConnection prelogin
WARNING: ConnectionID:87 ClientConnectionId: bb89ae13-7580-453a-ae8b-70883339c158 Prelogin error: host localhost port 55306 Unexpected end of prelogin response after 0 bytes read
Sep 02, 2026 2:11:14 AM com.microsoft.sqlserver.jdbc.SQLServerConnection prelogin
WARNING: ConnectionID:87 ClientConnectionId: 44319fdd-557b-4b07-9a3d-440b95007a78 Prelogin error: host localhost port 55306 Unexpected end of prelogin response after 0 bytes read
Sep 02, 2026 2:11:14 AM com.microsoft.sqlserver.jdbc.SQLServerConnection prelogin
WARNING: ConnectionID:88 ClientConnectionId: 3a6b338f-af79-4e21-8d17-12eddf4cabd4 Prelogin error: host localhost port 55306 Unexpected end of prelogin response after 0 bytes read
Sep 02, 2026 2:11:14 AM com.microsoft.sqlserver.jdbc.SQLServerConnection prelogin
WARNING: ConnectionID:88 ClientConnectionId: d77c3d9c-9665-42ee-bb0d-bab862b86592 Prelogin error: host localhost port 55306 Unexpected end of prelogin response after 0 bytes read
Sep 02, 2026 2:11:14 AM com.microsoft.sqlserver.jdbc.SQLServerConnection prelogin
WARNING: ConnectionID:89 ClientConnectionId: da5ef2a9-2e27-4db1-94fe-5ad78441cd21 Prelogin error: host localhost port 55306 Unexpected end of prelogin response after 0 bytes read
Sep 02, 2026 2:11:14 AM com.microsoft.sqlserver.jdbc.SQLServerConnection prelogin
WARNING: ConnectionID:89 ClientConnectionId: 757ee811-9c05-44c9-8efa-a268d8a5ec9c Prelogin error: host localhost port 55306 Unexpected end of prelogin response after 0 bytes read
Sep 02, 2026 2:11:14 AM com.microsoft.sqlserver.jdbc.SQLServerConnection prelogin
WARNING: ConnectionID:90 ClientConnectionId: 6e4053cf-5a51-43f2-8757-ed271df196b4 Prelogin error: host localhost port 55306 Unexpected end of prelogin response after 0 bytes read
Sep 02, 2026 2:11:14 AM com.microsoft.sqlserver.jdbc.SQLServerConnection prelogin
WARNING: ConnectionID:90 ClientConnectionId: 7c7ef402-e2ce-45fc-82ce-4bcc5815767f Prelogin error: host localhost port 55306 Unexpected end of prelogin response after 0 bytes read
Sep 02, 2026 2:11:14 AM com.microsoft.sqlserver.jdbc.SQLServerConnection prelogin
WARNING: ConnectionID:91 ClientConnectionId: f923f7c0-afb0-470d-8c8a-16668f4a98ac Prelogin error: host localhost port 55306 Unexpected end of prelogin response after 0 bytes read
Sep 02, 2026 2:11:14 AM com.microsoft.sqlserver.jdbc.SQLServerConnection prelogin
WARNING: ConnectionID:91 ClientConnectionId: 99972999-af7e-462d-81db-38d3f651c4b5 Prelogin error: host localhost port 55306 Unexpected end of prelogin response after 0 bytes read
Sep 02, 2026 2:11:14 AM com.microsoft.sqlserver.jdbc.SQLServerConnection prelogin
WARNING: ConnectionID:92 ClientConnectionId: e36e4ecc-4c07-490e-aa0b-74594d4b619d Prelogin error: host localhost port 55306 Unexpected end of prelogin response after 0 bytes read
Sep 02, 2026 2:11:14 AM com.microsoft.sqlserver.jdbc.SQLServerConnection prelogin
WARNING: ConnectionID:92 ClientConnectionId: a2629dfe-a3ba-49c5-8213-3449e814efe8 Prelogin error: host localhost port 55306 Unexpected end of prelogin response after 0 bytes read
Sep 02, 2026 2:11:15 AM com.microsoft.sqlserver.jdbc.SQLServerConnection prelogin
WARNING: ConnectionID:93 ClientConnectionId: 72a990ac-c098-48e5-ac5a-07fb43795706 Prelogin error: host localhost port 55306 Unexpected end of prelogin response after 0 bytes read
Sep 02, 2026 2:11:15 AM com.microsoft.sqlserver.jdbc.SQLServerConnection prelogin
WARNING: ConnectionID:93 ClientConnectionId: 9cc258dc-677b-4e8f-bd2f-57d605b78416 Prelogin error: host localhost port 55306 Unexpected end of prelogin response after 0 bytes read
Sep 02, 2026 2:11:15 AM com.microsoft.sqlserver.jdbc.SQLServerConnection prelogin
WARNING: ConnectionID:94 ClientConnectionId: 995f81ea-9c41-4962-b9bc-82f73a471592 Prelogin error: host localhost port 55306 Unexpected end of prelogin response after 0 bytes read
Sep 02, 2026 2:11:15 AM com.microsoft.sqlserver.jdbc.SQLServerConnection prelogin
WARNING: ConnectionID:94 ClientConnectionId: eee69a95-c893-4671-b632-bdf53c402b78 Prelogin error: host localhost port 55306 Unexpected end of prelogin response after 0 bytes read
Sep 02, 2026 2:11:15 AM com.microsoft.sqlserver.jdbc.SQLServerConnection prelogin
WARNING: ConnectionID:95 ClientConnectionId: 40307352-d72a-4873-9e7e-29b925f60750 Prelogin error: host localhost port 55306 Unexpected end of prelogin response after 0 bytes read
Sep 02, 2026 2:11:15 AM com.microsoft.sqlserver.jdbc.SQLServerConnection prelogin
WARNING: ConnectionID:95 ClientConnectionId: 705a2244-2a8a-4aad-952c-3306ba172981 Prelogin error: host localhost port 55306 Unexpected end of prelogin response after 0 bytes read
Sep 02, 2026 2:11:15 AM com.microsoft.sqlserver.jdbc.SQLServerConnection prelogin
WARNING: ConnectionID:96 ClientConnectionId: 97cc66ce-98f6-4323-ae66-3916c5e0cd8b Prelogin error: host localhost port 55306 Unexpected end of prelogin response after 0 bytes read
Sep 02, 2026 2:11:15 AM com.microsoft.sqlserver.jdbc.SQLServerConnection prelogin
WARNING: ConnectionID:96 ClientConnectionId: 5fc56643-0a2f-4065-b3f4-c47628cf0bc1 Prelogin error: host localhost port 55306 Unexpected end of prelogin response after 0 bytes read
Sep 02, 2026 2:11:15 AM com.microsoft.sqlserver.jdbc.SQLServerConnection prelogin
WARNING: ConnectionID:97 ClientConnectionId: 79105eae-a609-46a1-8f7a-8bc1804ee36a Prelogin error: host localhost port 55306 Unexpected end of prelogin response after 0 bytes read
Sep 02, 2026 2:11:15 AM com.microsoft.sqlserver.jdbc.SQLServerConnection prelogin
WARNING: ConnectionID:97 ClientConnectionId: 105c516c-0d49-40f6-8c7e-b96bdb1f73fb Prelogin error: host localhost port 55306 Unexpected end of prelogin response after 0 bytes read
Sep 02, 2026 2:11:15 AM com.microsoft.sqlserver.jdbc.SQLServerConnection prelogin
WARNING: ConnectionID:98 ClientConnectionId: 8d329df5-689a-493f-a828-0a06413e0f8a Prelogin error: host localhost port 55306 Unexpected end of prelogin response after 0 bytes read
Sep 02, 2026 2:11:15 AM com.microsoft.sqlserver.jdbc.SQLServerConnection prelogin
WARNING: ConnectionID:98 ClientConnectionId: a3ea1bad-3d16-448d-99cc-c81239922e02 Prelogin error: host localhost port 55306 Unexpected end of prelogin response after 0 bytes read
Sep 02, 2026 2:11:15 AM com.microsoft.sqlserver.jdbc.SQLServerConnection prelogin
WARNING: ConnectionID:99 ClientConnectionId: f9202273-b12a-461c-a2b6-01fdaf01f6f5 Prelogin error: host localhost port 55306 Unexpected end of prelogin response after 0 bytes read
Sep 02, 2026 2:11:15 AM com.microsoft.sqlserver.jdbc.SQLServerConnection prelogin
WARNING: ConnectionID:99 ClientConnectionId: 24658e13-d299-4e7f-8cc6-948fbf5032b4 Prelogin error: host localhost port 55306 Unexpected end of prelogin response after 0 bytes read
Sep 02, 2026 2:11:16 AM com.microsoft.sqlserver.jdbc.SQLServerConnection prelogin
WARNING: ConnectionID:100 ClientConnectionId: 40398269-f12c-4062-87a0-542fb12c5769 Prelogin error: host localhost port 55306 Unexpected end of prelogin response after 0 bytes read
Sep 02, 2026 2:11:16 AM com.microsoft.sqlserver.jdbc.SQLServerConnection prelogin
WARNING: ConnectionID:100 ClientConnectionId: ffe44e93-5484-45c3-a972-6cd37c1ded14 Prelogin error: host localhost port 55306 Unexpected end of prelogin response after 0 bytes read
Sep 02, 2026 2:11:16 AM com.microsoft.sqlserver.jdbc.SQLServerConnection prelogin
WARNING: ConnectionID:101 ClientConnectionId: 12e1d22d-e53a-4ddd-aec9-208deb6a87b6 Prelogin error: host localhost port 55306 Unexpected end of prelogin response after 0 bytes read
Sep 02, 2026 2:11:16 AM com.microsoft.sqlserver.jdbc.SQLServerConnection prelogin
WARNING: ConnectionID:101 ClientConnectionId: d01a905d-ad61-47c0-b8f0-7250c5fa3d7b Prelogin error: host localhost port 55306 Unexpected end of prelogin response after 0 bytes read
Sep 02, 2026 2:11:16 AM com.microsoft.sqlserver.jdbc.SQLServerConnection prelogin
WARNING: ConnectionID:102 ClientConnectionId: 2e3e5740-08f1-4fba-8378-4cf603f675f0 Prelogin error: host localhost port 55306 Unexpected end of prelogin response after 0 bytes read
Sep 02, 2026 2:11:16 AM com.microsoft.sqlserver.jdbc.SQLServerConnection prelogin
WARNING: ConnectionID:102 ClientConnectionId: 64b38631-a79a-4760-8cfc-cc1b2b2a50a2 Prelogin error: host localhost port 55306 Unexpected end of prelogin response after 0 bytes read
Sep 02, 2026 2:11:16 AM com.microsoft.sqlserver.jdbc.SQLServerConnection prelogin
WARNING: ConnectionID:103 ClientConnectionId: 22d71577-6dbd-42e0-9446-1b17bc9202fd Prelogin error: host localhost port 55306 Unexpected end of prelogin response after 0 bytes read
Sep 02, 2026 2:11:16 AM com.microsoft.sqlserver.jdbc.SQLServerConnection prelogin
WARNING: ConnectionID:103 ClientConnectionId: dc33af83-abb4-496d-9e34-a2a7e9783577 Prelogin error: host localhost port 55306 Unexpected end of prelogin response after 0 bytes read
Sep 02, 2026 2:11:16 AM com.microsoft.sqlserver.jdbc.SQLServerConnection prelogin
WARNING: ConnectionID:104 ClientConnectionId: 2af2e2e5-9816-42b9-b94a-8726c88360d3 Prelogin error: host localhost port 55306 Unexpected end of prelogin response after 0 bytes read
Sep 02, 2026 2:11:16 AM com.microsoft.sqlserver.jdbc.SQLServerConnection prelogin
WARNING: ConnectionID:104 ClientConnectionId: 3fe64534-46ee-4923-b95a-9fc50ba16639 Prelogin error: host localhost port 55306 Unexpected end of prelogin response after 0 bytes read
Sep 02, 2026 2:11:16 AM com.microsoft.sqlserver.jdbc.SQLServerConnection prelogin
WARNING: ConnectionID:105 ClientConnectionId: 16e04679-44dd-4b90-b024-f16d7b107316 Prelogin error: host localhost port 55306 Unexpected end of prelogin response after 0 bytes read
Sep 02, 2026 2:11:16 AM com.microsoft.sqlserver.jdbc.SQLServerConnection prelogin
WARNING: ConnectionID:105 ClientConnectionId: a95c848d-ff91-45e9-b0ab-3ac16b9f124f Prelogin error: host localhost port 55306 Unexpected end of prelogin response after 0 bytes read
Sep 02, 2026 2:11:16 AM com.microsoft.sqlserver.jdbc.SQLServerConnection prelogin
WARNING: ConnectionID:106 ClientConnectionId: 50887138-7930-4d06-af40-7e42ab39adfa Prelogin error: host localhost port 55306 Unexpected end of prelogin response after 0 bytes read
Sep 02, 2026 2:11:16 AM com.microsoft.sqlserver.jdbc.SQLServerConnection prelogin
WARNING: ConnectionID:106 ClientConnectionId: 8549159b-f84d-4768-82d6-4cb09f94caf6 Prelogin error: host localhost port 55306 Unexpected end of prelogin response after 0 bytes read
Sep 02, 2026 2:11:17 AM com.microsoft.sqlserver.jdbc.SQLServerConnection prelogin
WARNING: ConnectionID:107 ClientConnectionId: a1ec93c0-43b6-4a02-9529-0ef327ed0817 Prelogin error: host localhost port 55306 Unexpected end of prelogin response after 0 bytes read
Sep 02, 2026 2:11:17 AM com.microsoft.sqlserver.jdbc.SQLServerConnection prelogin
WARNING: ConnectionID:107 ClientConnectionId: a4c115c7-44f5-4fbc-afe1-e6825893f266 Prelogin error: host localhost port 55306 Unexpected end of prelogin response after 0 bytes read
Sep 02, 2026 2:11:17 AM com.microsoft.sqlserver.jdbc.SQLServerConnection prelogin
WARNING: ConnectionID:108 ClientConnectionId: 4958a62a-2a4c-411b-ab58-c1b0a675a21e Prelogin error: host localhost port 55306 Unexpected end of prelogin response after 0 bytes read
Sep 02, 2026 2:11:17 AM com.microsoft.sqlserver.jdbc.SQLServerConnection prelogin
WARNING: ConnectionID:108 ClientConnectionId: 0f180db5-52b5-4cc3-9294-204bc86fe81e Prelogin error: host localhost port 55306 Unexpected end of prelogin response after 0 bytes read
Sep 02, 2026 2:11:17 AM com.microsoft.sqlserver.jdbc.SQLServerConnection prelogin
WARNING: ConnectionID:109 ClientConnectionId: 3db332cc-9757-43c7-a2df-59ec5dea04d8 Prelogin error: host localhost port 55306 Unexpected end of prelogin response after 0 bytes read
Sep 02, 2026 2:11:17 AM com.microsoft.sqlserver.jdbc.SQLServerConnection prelogin
WARNING: ConnectionID:109 ClientConnectionId: 38492fdc-188b-41d3-810a-4a5edabccdec Prelogin error: host localhost port 55306 Unexpected end of prelogin response after 0 bytes read
Sep 02, 2026 2:11:17 AM com.microsoft.sqlserver.jdbc.SQLServerConnection prelogin
WARNING: ConnectionID:110 ClientConnectionId: 32275673-e813-4c86-9251-ded9a97fe695 Prelogin error: host localhost port 55306 Unexpected end of prelogin response after 0 bytes read
Sep 02, 2026 2:11:17 AM com.microsoft.sqlserver.jdbc.SQLServerConnection prelogin
WARNING: ConnectionID:110 ClientConnectionId: 19373a4f-f33f-4c5b-baa4-9066bf77b684 Prelogin error: host localhost port 55306 Unexpected end of prelogin response after 0 bytes read
Sep 02, 2026 2:11:17 AM com.microsoft.sqlserver.jdbc.SQLServerConnection prelogin
WARNING: ConnectionID:111 ClientConnectionId: fd8381ab-3ed7-4a53-b8b6-cb145821c690 Prelogin error: host localhost port 55306 Unexpected end of prelogin response after 0 bytes read
Sep 02, 2026 2:11:17 AM com.microsoft.sqlserver.jdbc.SQLServerConnection prelogin
WARNING: ConnectionID:111 ClientConnectionId: a7d816d1-bc53-42e7-aebc-824cc6acac4a Prelogin error: host localhost port 55306 Unexpected end of prelogin response after 0 bytes read
Sep 02, 2026 2:11:17 AM com.microsoft.sqlserver.jdbc.SQLServerConnection prelogin
WARNING: ConnectionID:112 ClientConnectionId: 65c37d99-2a1b-4e68-8369-7db6f705eb50 Prelogin error: host localhost port 55306 Unexpected end of prelogin response after 0 bytes read
Sep 02, 2026 2:11:17 AM com.microsoft.sqlserver.jdbc.SQLServerConnection prelogin
WARNING: ConnectionID:112 ClientConnectionId: 559d1ff4-04a7-4f07-aeba-f91ec260c775 Prelogin error: host localhost port 55306 Unexpected end of prelogin response after 0 bytes read
Sep 02, 2026 2:11:17 AM com.microsoft.sqlserver.jdbc.SQLServerConnection prelogin
WARNING: ConnectionID:113 ClientConnectionId: 7890ff2c-102a-4b67-97c5-d51aa08a4ca6 Prelogin error: host localhost port 55306 Unexpected end of prelogin response after 0 bytes read
Sep 02, 2026 2:11:17 AM com.microsoft.sqlserver.jdbc.SQLServerConnection prelogin
WARNING: ConnectionID:113 ClientConnectionId: d222221d-5c5d-460d-825b-c9cef508f403 Prelogin error: host localhost port 55306 Unexpected end of prelogin response after 0 bytes read
Sep 02, 2026 2:11:18 AM com.microsoft.sqlserver.jdbc.SQLServerConnection prelogin
WARNING: ConnectionID:114 ClientConnectionId: 16b58668-2d8f-4d99-b076-e30d44a40dd8 Prelogin error: host localhost port 55306 Unexpected end of prelogin response after 0 bytes read
Sep 02, 2026 2:11:18 AM com.microsoft.sqlserver.jdbc.SQLServerConnection prelogin
WARNING: ConnectionID:114 ClientConnectionId: d7fa145d-a258-437f-9411-01c2a1044f6a Prelogin error: host localhost port 55306 Unexpected end of prelogin response after 0 bytes read
Sep 02, 2026 2:11:18 AM com.microsoft.sqlserver.jdbc.SQLServerConnection prelogin
WARNING: ConnectionID:115 ClientConnectionId: 174454ae-378b-4e91-abd9-20f4c14caa0b Prelogin error: host localhost port 55306 Unexpected end of prelogin response after 0 bytes read
Sep 02, 2026 2:11:18 AM com.microsoft.sqlserver.jdbc.SQLServerConnection prelogin
WARNING: ConnectionID:115 ClientConnectionId: e5b6a565-2480-4ced-86b7-06e762d1b131 Prelogin error: host localhost port 55306 Unexpected end of prelogin response after 0 bytes read
Sep 02, 2026 2:11:18 AM com.microsoft.sqlserver.jdbc.SQLServerConnection prelogin
WARNING: ConnectionID:116 ClientConnectionId: c4c4f11f-ee2c-4ac6-b586-ab89bbd5958a Prelogin error: host localhost port 55306 Unexpected end of prelogin response after 0 bytes read
Sep 02, 2026 2:11:18 AM com.microsoft.sqlserver.jdbc.SQLServerConnection prelogin
WARNING: ConnectionID:116 ClientConnectionId: 6d983950-8627-4efa-9c30-003a66d4f06f Prelogin error: host localhost port 55306 Unexpected end of prelogin response after 0 bytes read
Sep 02, 2026 2:11:18 AM com.microsoft.sqlserver.jdbc.SQLServerConnection prelogin
WARNING: ConnectionID:117 ClientConnectionId: 6357610c-91ed-43a7-af23-39c5f6276e54 Prelogin error: host localhost port 55306 Unexpected end of prelogin response after 0 bytes read
Sep 02, 2026 2:11:18 AM com.microsoft.sqlserver.jdbc.SQLServerConnection prelogin
WARNING: ConnectionID:117 ClientConnectionId: b23d4916-71a0-462a-94a3-9fb0a4c47974 Prelogin error: host localhost port 55306 Unexpected end of prelogin response after 0 bytes read
Sep 02, 2026 2:11:18 AM com.microsoft.sqlserver.jdbc.SQLServerConnection prelogin
WARNING: ConnectionID:118 ClientConnectionId: 22d98a8f-6efd-43f5-abfc-1c927f94c533 Prelogin error: host localhost port 55306 Unexpected end of prelogin response after 0 bytes read
Sep 02, 2026 2:11:18 AM com.microsoft.sqlserver.jdbc.SQLServerConnection prelogin
WARNING: ConnectionID:118 ClientConnectionId: 948c1f61-b7d1-47b1-ad8f-b553725e0325 Prelogin error: host localhost port 55306 Unexpected end of prelogin response after 0 bytes read
Sep 02, 2026 2:11:18 AM com.microsoft.sqlserver.jdbc.SQLServerConnection prelogin
WARNING: ConnectionID:119 ClientConnectionId: bfdde25b-d02b-47c3-8941-1fe10dc9716a Prelogin error: host localhost port 55306 Unexpected end of prelogin response after 0 bytes read
Sep 02, 2026 2:11:18 AM com.microsoft.sqlserver.jdbc.SQLServerConnection prelogin
WARNING: ConnectionID:119 ClientConnectionId: 3ec98d42-ef95-4653-8d16-711ed23516b1 Prelogin error: host localhost port 55306 Unexpected end of prelogin response after 0 bytes read
Sep 02, 2026 2:11:18 AM com.microsoft.sqlserver.jdbc.SQLServerConnection prelogin
WARNING: ConnectionID:120 ClientConnectionId: 69168ec6-a990-45a7-8e96-ac6c8087d0f8 Prelogin error: host localhost port 55306 Unexpected end of prelogin response after 0 bytes read
Sep 02, 2026 2:11:18 AM com.microsoft.sqlserver.jdbc.SQLServerConnection prelogin
WARNING: ConnectionID:120 ClientConnectionId: 5f4565ab-685f-419a-aa1b-2cd9a8936096 Prelogin error: host localhost port 55306 Unexpected end of prelogin response after 0 bytes read
Sep 02, 2026 2:11:19 AM com.microsoft.sqlserver.jdbc.SQLServerConnection prelogin
WARNING: ConnectionID:121 ClientConnectionId: 26115711-938e-41df-b620-13359cfd47ad Prelogin error: host localhost port 55306 Unexpected end of prelogin response after 0 bytes read
Sep 02, 2026 2:11:19 AM com.microsoft.sqlserver.jdbc.SQLServerConnection prelogin
WARNING: ConnectionID:121 ClientConnectionId: 37693e61-fef2-4923-8f49-6ef76bd2d67a Prelogin error: host localhost port 55306 Unexpected end of prelogin response after 0 bytes read
Sep 02, 2026 2:11:19 AM com.microsoft.sqlserver.jdbc.SQLServerConnection prelogin
WARNING: ConnectionID:122 ClientConnectionId: 2f7047d9-5878-40e2-9231-09a148742811 Prelogin error: host localhost port 55306 Unexpected end of prelogin response after 0 bytes read
Sep 02, 2026 2:11:19 AM com.microsoft.sqlserver.jdbc.SQLServerConnection prelogin
WARNING: ConnectionID:122 ClientConnectionId: fd9f0237-b118-4d11-ae9e-9e8b21adc8b8 Prelogin error: host localhost port 55306 Unexpected end of prelogin response after 0 bytes read
Sep 02, 2026 2:11:19 AM com.microsoft.sqlserver.jdbc.SQLServerConnection prelogin
WARNING: ConnectionID:123 ClientConnectionId: 08fdb4d7-5626-4986-8304-8d0257af333c Prelogin error: host localhost port 55306 Unexpected end of prelogin response after 0 bytes read
Sep 02, 2026 2:11:19 AM com.microsoft.sqlserver.jdbc.SQLServerConnection prelogin
WARNING: ConnectionID:123 ClientConnectionId: 9641cf62-fc81-4437-bd47-4f3ca1944505 Prelogin error: host localhost port 55306 Unexpected end of prelogin response after 0 bytes read
Sep 02, 2026 2:11:19 AM com.microsoft.sqlserver.jdbc.SQLServerConnection prelogin
WARNING: ConnectionID:124 ClientConnectionId: cdc0f862-13de-4e4c-be01-d6ded73f59e3 Prelogin error: host localhost port 55306 Unexpected end of prelogin response after 0 bytes read
Sep 02, 2026 2:11:19 AM com.microsoft.sqlserver.jdbc.SQLServerConnection prelogin
WARNING: ConnectionID:124 ClientConnectionId: 8dd00630-ab93-487b-a3cc-e610a0aa1a35 Prelogin error: host localhost port 55306 Unexpected end of prelogin response after 0 bytes read
Sep 02, 2026 2:11:19 AM com.microsoft.sqlserver.jdbc.SQLServerConnection prelogin
WARNING: ConnectionID:125 ClientConnectionId: c5d42be6-e9c6-4e79-87b0-d15ca8667dbe Prelogin error: host localhost port 55306 Unexpected end of prelogin response after 0 bytes read
Sep 02, 2026 2:11:19 AM com.microsoft.sqlserver.jdbc.SQLServerConnection prelogin
WARNING: ConnectionID:125 ClientConnectionId: 914acd99-70c7-46e6-9251-445e75748c44 Prelogin error: host localhost port 55306 Unexpected end of prelogin response after 0 bytes read
Sep 02, 2026 2:11:19 AM com.microsoft.sqlserver.jdbc.SQLServerConnection prelogin
WARNING: ConnectionID:126 ClientConnectionId: 8a58f2a8-5839-415c-99ce-f91055d4aba4 Prelogin error: host localhost port 55306 Unexpected end of prelogin response after 0 bytes read
Sep 02, 2026 2:11:19 AM com.microsoft.sqlserver.jdbc.SQLServerConnection prelogin
WARNING: ConnectionID:126 ClientConnectionId: 36d89fda-135c-4f71-872a-d8fc419c27dc Prelogin error: host localhost port 55306 Unexpected end of prelogin response after 0 bytes read
[...]
Sep 02, 2026 2:12:08 AM com.microsoft.sqlserver.jdbc.SQLServerConnection prelogin
WARNING: ConnectionID:399 ClientConnectionId: 178e5878-96ec-4e6c-821f-5e16bd14e842 Prelogin error: host localhost port 55306 Unexpected end of prelogin response after 0 bytes read
Sep 02, 2026 2:12:08 AM com.microsoft.sqlserver.jdbc.SQLServerConnection prelogin
WARNING: ConnectionID:400 ClientConnectionId: f2ff8539-edaa-44f5-a1b8-25fca9e42ed9 Prelogin error: host localhost port 55306 Unexpected end of prelogin response after 0 bytes read
Sep 02, 2026 2:12:08 AM com.microsoft.sqlserver.jdbc.SQLServerConnection prelogin
WARNING: ConnectionID:400 ClientConnectionId: 2f66f65c-8123-432a-ad21-8d261d7ee6d1 Prelogin error: host localhost port 55306 Unexpected end of prelogin response after 0 bytes read
Sep 02, 2026 2:12:08 AM com.microsoft.sqlserver.jdbc.SQLServerConnection prelogin
WARNING: ConnectionID:401 ClientConnectionId: 31a8c1aa-1ec9-40e6-b579-b7ea67ccee03 Prelogin error: host localhost port 55306 Unexpected end of prelogin response after 0 bytes read
Sep 02, 2026 2:12:08 AM com.microsoft.sqlserver.jdbc.SQLServerConnection prelogin
WARNING: ConnectionID:401 ClientConnectionId: e88a4771-bc90-4b80-9206-d268fb0f6c5d Prelogin error: host localhost port 55306 Unexpected end of prelogin response after 0 bytes read
Sep 02, 2026 2:12:08 AM com.microsoft.sqlserver.jdbc.SQLServerConnection prelogin
WARNING: ConnectionID:402 ClientConnectionId: b452cc12-992f-43a1-b3e0-da07f12edebd Prelogin error: host localhost port 55306 Unexpected end of prelogin response after 0 bytes read
Sep 02, 2026 2:12:08 AM com.microsoft.sqlserver.jdbc.SQLServerConnection prelogin
WARNING: ConnectionID:402 ClientConnectionId: 1ac444d3-22c2-49d9-b112-5960d8d2022d Prelogin error: host localhost port 55306 Unexpected end of prelogin response after 0 bytes read
Sep 02, 2026 2:12:08 AM com.microsoft.sqlserver.jdbc.SQLServerConnection prelogin
WARNING: ConnectionID:403 ClientConnectionId: a4461a76-c749-461f-b141-3a65a8cf616e Prelogin error: host localhost port 55306 Unexpected end of prelogin response after 0 bytes read
Sep 02, 2026 2:12:08 AM com.microsoft.sqlserver.jdbc.SQLServerConnection prelogin
WARNING: ConnectionID:403 ClientConnectionId: 48706c1f-25f9-4452-9997-95f9af023748 Prelogin error: host localhost port 55306 Unexpected end of prelogin response after 0 bytes read
Sep 02, 2026 2:12:08 AM com.microsoft.sqlserver.jdbc.SQLServerConnection prelogin
WARNING: ConnectionID:404 ClientConnectionId: caa169d4-a09e-4e2a-b3ac-475f72e472b4 Prelogin error: host localhost port 55306 Unexpected end of prelogin response after 0 bytes read
Sep 02, 2026 2:12:09 AM com.microsoft.sqlserver.jdbc.SQLServerConnection prelogin
WARNING: ConnectionID:404 ClientConnectionId: 905bb045-348d-4f58-b3cb-8c91a8f62bda Prelogin error: host localhost port 55306 Unexpected end of prelogin response after 0 bytes read
Sep 02, 2026 2:12:09 AM com.microsoft.sqlserver.jdbc.SQLServerConnection prelogin
WARNING: ConnectionID:405 ClientConnectionId: 109da70e-ccca-4a53-9a8b-ba4b5716f315 Prelogin error: host localhost port 55306 Unexpected end of prelogin response after 0 bytes read
Sep 02, 2026 2:12:09 AM com.microsoft.sqlserver.jdbc.SQLServerConnection prelogin
WARNING: ConnectionID:405 ClientConnectionId: 7624bb90-ab9b-4d0f-9a25-48e3cc6b3284 Prelogin error: host localhost port 55306 Unexpected end of prelogin response after 0 bytes read
Sep 02, 2026 2:12:09 AM com.microsoft.sqlserver.jdbc.SQLServerConnection prelogin
WARNING: ConnectionID:406 ClientConnectionId: 20f8bff1-5dbf-45ef-8559-a09481ac08e5 Prelogin error: host localhost port 55306 Unexpected end of prelogin response after 0 bytes read
Sep 02, 2026 2:12:09 AM com.microsoft.sqlserver.jdbc.SQLServerConnection prelogin
WARNING: ConnectionID:406 ClientConnectionId: b3c4b425-ddc6-4d0d-87b4-c77213265529 Prelogin error: host localhost port 55306 Unexpected end of prelogin response after 0 bytes read
Sep 02, 2026 2:12:09 AM com.microsoft.sqlserver.jdbc.SQLServerConnection prelogin
WARNING: ConnectionID:407 ClientConnectionId: a69c7e02-fd01-4a61-b449-77f4bdcae649 Prelogin error: host localhost port 55306 Unexpected end of prelogin response after 0 bytes read
Sep 02, 2026 2:12:09 AM com.microsoft.sqlserver.jdbc.SQLServerConnection prelogin
WARNING: ConnectionID:407 ClientConnectionId: 18d0888d-4aae-4e72-810a-f280406774f5 Prelogin error: host localhost port 55306 Unexpected end of prelogin response after 0 bytes read
Sep 02, 2026 2:12:09 AM com.microsoft.sqlserver.jdbc.SQLServerConnection prelogin
WARNING: ConnectionID:408 ClientConnectionId: b5f246fe-4a39-418b-8ccb-4168cef232e2 Prelogin error: host localhost port 55306 Unexpected end of prelogin response after 0 bytes read
Sep 02, 2026 2:12:09 AM com.microsoft.sqlserver.jdbc.SQLServerConnection prelogin
WARNING: ConnectionID:408 ClientConnectionId: fa5eeeb4-aaa2-422a-8ba1-885c121080ef Prelogin error: host localhost port 55306 Unexpected end of prelogin response after 0 bytes read
Sep 02, 2026 2:12:09 AM com.microsoft.sqlserver.jdbc.SQLServerConnection prelogin
WARNING: ConnectionID:409 ClientConnectionId: 5a3c8fad-6a91-4e53-b56a-7c2e3c06effb Prelogin error: host localhost port 55306 Unexpected end of prelogin response after 0 bytes read
Sep 02, 2026 2:12:09 AM com.microsoft.sqlserver.jdbc.SQLServerConnection prelogin
WARNING: ConnectionID:409 ClientConnectionId: b556f314-1033-4a02-a8fc-89978631563b Prelogin error: host localhost port 55306 Unexpected end of prelogin response after 0 bytes read
Sep 02, 2026 2:12:09 AM com.microsoft.sqlserver.jdbc.SQLServerConnection prelogin
WARNING: ConnectionID:410 ClientConnectionId: 178720c7-4651-48e0-82e3-88bd4bfa31e8 Prelogin error: host localhost port 55306 Unexpected end of prelogin response after 0 bytes read
Sep 02, 2026 2:12:09 AM com.microsoft.sqlserver.jdbc.SQLServerConnection prelogin
WARNING: ConnectionID:410 ClientConnectionId: b007c2ce-9066-4ba3-9365-f9e6ea2e7946 Prelogin error: host localhost port 55306 Unexpected end of prelogin response after 0 bytes read
Sep 02, 2026 2:12:10 AM com.microsoft.sqlserver.jdbc.SQLServerConnection prelogin
WARNING: ConnectionID:411 ClientConnectionId: d0490e5c-1063-48f7-ae39-b9a5464b5aa8 Prelogin error: host localhost port 55306 Unexpected end of prelogin response after 0 bytes read
Sep 02, 2026 2:12:10 AM com.microsoft.sqlserver.jdbc.SQLServerConnection prelogin
WARNING: ConnectionID:411 ClientConnectionId: d0f85f34-1c62-4fe6-85aa-e1fe854a3bd0 Prelogin error: host localhost port 55306 Unexpected end of prelogin response after 0 bytes read
Sep 02, 2026 2:12:10 AM com.microsoft.sqlserver.jdbc.SQLServerConnection prelogin
WARNING: ConnectionID:412 ClientConnectionId: 353cc442-cba5-4431-b399-72ea9c02ed8f Prelogin error: host localhost port 55306 Unexpected end of prelogin response after 0 bytes read
Sep 02, 2026 2:12:10 AM com.microsoft.sqlserver.jdbc.SQLServerConnection prelogin
WARNING: ConnectionID:412 ClientConnectionId: 75a8e9b4-3828-46f8-9a6a-b5d17628b8a8 Prelogin error: host localhost port 55306 Unexpected end of prelogin response after 0 bytes read
Sep 02, 2026 2:12:10 AM com.microsoft.sqlserver.jdbc.SQLServerConnection prelogin
WARNING: ConnectionID:413 ClientConnectionId: 18fc4f70-193a-43bc-9c45-6e212d9996a5 Prelogin error: host localhost port 55306 Unexpected end of prelogin response after 0 bytes read
Sep 02, 2026 2:12:10 AM com.microsoft.sqlserver.jdbc.SQLServerConnection prelogin
WARNING: ConnectionID:413 ClientConnectionId: 8fe4ccfc-5391-4161-9a1d-58ad473bff94 Prelogin error: host localhost port 55306 Unexpected end of prelogin response after 0 bytes read
Sep 02, 2026 2:12:10 AM com.microsoft.sqlserver.jdbc.SQLServerConnection prelogin
WARNING: ConnectionID:414 ClientConnectionId: f74aa6c8-d167-4eb1-bb1f-28362d1259d2 Prelogin error: host localhost port 55306 Unexpected end of prelogin response after 0 bytes read
Sep 02, 2026 2:12:10 AM com.microsoft.sqlserver.jdbc.SQLServerConnection prelogin
WARNING: ConnectionID:414 ClientConnectionId: 80ddd037-eb8d-48df-8a1a-aa31e81cecb0 Prelogin error: host localhost port 55306 Unexpected end of prelogin response after 0 bytes read
Sep 02, 2026 2:12:10 AM com.microsoft.sqlserver.jdbc.SQLServerConnection prelogin
WARNING: ConnectionID:415 ClientConnectionId: 2b3a0ba1-cad0-40b4-80e3-2f99bae4a5f0 Prelogin error: host localhost port 55306 Unexpected end of prelogin response after 0 bytes read
Sep 02, 2026 2:12:10 AM com.microsoft.sqlserver.jdbc.SQLServerConnection prelogin
WARNING: ConnectionID:415 ClientConnectionId: fb71f73a-d901-42c9-a36e-85fe4f10b51d Prelogin error: host localhost port 55306 Unexpected end of prelogin response after 0 bytes read
Sep 02, 2026 2:12:10 AM com.microsoft.sqlserver.jdbc.SQLServerConnection prelogin
WARNING: ConnectionID:416 ClientConnectionId: 86bf268f-2ad4-4241-b132-9432ecdd173f Prelogin error: host localhost port 55306 Unexpected end of prelogin response after 0 bytes read
Sep 02, 2026 2:12:10 AM com.microsoft.sqlserver.jdbc.SQLServerConnection prelogin
WARNING: ConnectionID:416 ClientConnectionId: 00cb882f-1e20-4e34-b229-c0b386c4fb77 Prelogin error: host localhost port 55306 Unexpected end of prelogin response after 0 bytes read
Sep 02, 2026 2:12:11 AM com.microsoft.sqlserver.jdbc.SQLServerConnection prelogin
WARNING: ConnectionID:417 ClientConnectionId: 9e0f47de-8279-4b21-b595-75dbc3ea20b7 Prelogin error: host localhost port 55306 Unexpected end of prelogin response after 0 bytes read
Sep 02, 2026 2:12:11 AM com.microsoft.sqlserver.jdbc.SQLServerConnection prelogin
WARNING: ConnectionID:417 ClientConnectionId: cf55a142-453e-472e-8d15-5dcb34ee732c Prelogin error: host localhost port 55306 Unexpected end of prelogin response after 0 bytes read
Sep 02, 2026 2:12:11 AM com.microsoft.sqlserver.jdbc.SQLServerConnection prelogin
WARNING: ConnectionID:418 ClientConnectionId: 9ff87f4f-92c6-47ec-a968-a7266e835030 Prelogin error: host localhost port 55306 Unexpected end of prelogin response after 0 bytes read
Sep 02, 2026 2:12:11 AM com.microsoft.sqlserver.jdbc.SQLServerConnection prelogin
WARNING: ConnectionID:418 ClientConnectionId: 9489310f-d02a-473f-b791-003e5f2a5fc0 Prelogin error: host localhost port 55306 Unexpected end of prelogin response after 0 bytes read
Sep 02, 2026 2:12:11 AM com.microsoft.sqlserver.jdbc.SQLServerConnection prelogin
WARNING: ConnectionID:419 ClientConnectionId: 051a8c86-faf5-46d1-8aaf-256880a23da6 Prelogin error: host localhost port 55306 Unexpected end of prelogin response after 0 bytes read
Sep 02, 2026 2:12:11 AM com.microsoft.sqlserver.jdbc.SQLServerConnection prelogin
WARNING: ConnectionID:419 ClientConnectionId: a13f7df0-6127-41c1-88d8-d7e30c3d7cfb Prelogin error: host localhost port 55306 Unexpected end of prelogin response after 0 bytes read
Sep 02, 2026 2:12:11 AM com.microsoft.sqlserver.jdbc.SQLServerConnection prelogin
WARNING: ConnectionID:420 ClientConnectionId: a927f507-b96f-431a-8b05-3b28e2ad8a60 Prelogin error: host localhost port 55306 Unexpected end of prelogin response after 0 bytes read
Sep 02, 2026 2:12:11 AM com.microsoft.sqlserver.jdbc.SQLServerConnection prelogin
WARNING: ConnectionID:420 ClientConnectionId: 94e1b898-2d30-4eee-932d-94f3c805cb72 Prelogin error: host localhost port 55306 Unexpected end of prelogin response after 0 bytes read
Sep 02, 2026 2:12:11 AM com.microsoft.sqlserver.jdbc.SQLServerConnection prelogin
WARNING: ConnectionID:421 ClientConnectionId: 6c66f470-b998-4823-bfe2-9b4d516d6605 Prelogin error: host localhost port 55306 Unexpected end of prelogin response after 0 bytes read
Sep 02, 2026 2:12:11 AM com.microsoft.sqlserver.jdbc.SQLServerConnection prelogin
WARNING: ConnectionID:421 ClientConnectionId: fe439ca4-55d4-4808-a895-462f1ad7a656 Prelogin error: host localhost port 55306 Unexpected end of prelogin response after 0 bytes read
Sep 02, 2026 2:12:11 AM com.microsoft.sqlserver.jdbc.SQLServerConnection prelogin
WARNING: ConnectionID:422 ClientConnectionId: 5f0c885a-da4a-4817-a915-95596c6828d9 Prelogin error: host localhost port 55306 Unexpected end of prelogin response after 0 bytes read
Sep 02, 2026 2:12:11 AM com.microsoft.sqlserver.jdbc.SQLServerConnection prelogin
WARNING: ConnectionID:422 ClientConnectionId: 333a62f2-10a1-48c3-8101-9bb16639e9b2 Prelogin error: host localhost port 55306 Unexpected end of prelogin response after 0 bytes read
Sep 02, 2026 2:12:12 AM com.microsoft.sqlserver.jdbc.SQLServerConnection prelogin
WARNING: ConnectionID:423 ClientConnectionId: a379f123-8546-4046-ab2b-e540a96edac0 Prelogin error: host localhost port 55306 Unexpected end of prelogin response after 0 bytes read
Sep 02, 2026 2:12:12 AM com.microsoft.sqlserver.jdbc.SQLServerConnection prelogin
WARNING: ConnectionID:423 ClientConnectionId: d7a164fc-42d1-41a5-b42f-ebb63528b040 Prelogin error: host localhost port 55306 Unexpected end of prelogin response after 0 bytes read
Sep 02, 2026 2:12:12 AM com.microsoft.sqlserver.jdbc.SQLServerConnection prelogin
WARNING: ConnectionID:424 ClientConnectionId: 0c1fda12-aa3f-4fed-b057-8ff57d02db5c Prelogin error: host localhost port 55306 Unexpected end of prelogin response after 0 bytes read
Sep 02, 2026 2:12:12 AM com.microsoft.sqlserver.jdbc.SQLServerConnection prelogin
WARNING: ConnectionID:424 ClientConnectionId: ffc4831e-9750-47c6-901e-6c8a52dc6555 Prelogin error: host localhost port 55306 Unexpected end of prelogin response after 0 bytes read
Sep 02, 2026 2:12:12 AM com.microsoft.sqlserver.jdbc.SQLServerConnection prelogin
WARNING: ConnectionID:425 ClientConnectionId: 70abcb1e-a702-4dd6-a31a-8b10a2fa5f05 Prelogin error: host localhost port 55306 Unexpected end of prelogin response after 0 bytes read
Sep 02, 2026 2:12:12 AM com.microsoft.sqlserver.jdbc.SQLServerConnection prelogin
WARNING: ConnectionID:425 ClientConnectionId: d1f5abb1-f090-411c-9836-5bfcf8a33a08 Prelogin error: host localhost port 55306 Unexpected end of prelogin response after 0 bytes read
Sep 02, 2026 2:12:12 AM com.microsoft.sqlserver.jdbc.SQLServerConnection prelogin
WARNING: ConnectionID:426 ClientConnectionId: 14cb4228-2cf3-4dea-8e8c-5945aac0eff7 Prelogin error: host localhost port 55306 Unexpected end of prelogin response after 0 bytes read
Sep 02, 2026 2:12:13 AM com.microsoft.sqlserver.jdbc.SQLServerConnection prelogin
WARNING: ConnectionID:426 ClientConnectionId: f6455f07-1140-4e92-b5e6-e8f0e5cda30c Prelogin error: host localhost port 55306 Unexpected end of prelogin response after 0 bytes read
Sep 02, 2026 2:12:13 AM com.microsoft.sqlserver.jdbc.SQLServerConnection prelogin
WARNING: ConnectionID:427 ClientConnectionId: 920f106a-6ab2-4c4b-9f75-0eace05b5999 Prelogin error: host localhost port 55306 Unexpected end of prelogin response after 0 bytes read
Sep 02, 2026 2:12:13 AM com.microsoft.sqlserver.jdbc.SQLServerConnection prelogin
WARNING: ConnectionID:427 ClientConnectionId: b46f6895-8bbd-4953-8402-1b7a465eb9e5 Prelogin error: host localhost port 55306 Unexpected end of prelogin response after 0 bytes read
Sep 02, 2026 2:12:13 AM com.microsoft.sqlserver.jdbc.SQLServerConnection prelogin
WARNING: ConnectionID:428 ClientConnectionId: 18aecba9-09fe-4c74-9884-9945ebcb7f82 Prelogin error: host localhost port 55306 Unexpected end of prelogin response after 0 bytes read
Sep 02, 2026 2:12:13 AM com.microsoft.sqlserver.jdbc.SQLServerConnection prelogin
WARNING: ConnectionID:428 ClientConnectionId: 881fa735-2352-42e4-aa66-4ca64b38e3d9 Prelogin error: host localhost port 55306 Unexpected end of prelogin response after 0 bytes read
Sep 02, 2026 2:12:13 AM com.microsoft.sqlserver.jdbc.SQLServerConnection prelogin
WARNING: ConnectionID:429 ClientConnectionId: 288b926a-fb31-43b4-aa84-6cd49b2d2318 Prelogin error: host localhost port 55306 Unexpected end of prelogin response after 0 bytes read
Sep 02, 2026 2:12:14 AM com.microsoft.sqlserver.jdbc.SQLServerConnection prelogin
WARNING: ConnectionID:429 ClientConnectionId: 2e60ef64-7c62-4e9f-b275-e5f236bb749b Prelogin error: host localhost port 55306 Unexpected end of prelogin response after 0 bytes read
Sep 02, 2026 2:12:14 AM com.microsoft.sqlserver.jdbc.SQLServerConnection prelogin
WARNING: ConnectionID:430 ClientConnectionId: 5a02a1fd-1350-4722-a91f-c10ba3f39092 Prelogin error: host localhost port 55306 Unexpected end of prelogin response after 0 bytes read
Sep 02, 2026 2:12:14 AM com.microsoft.sqlserver.jdbc.SQLServerConnection prelogin
WARNING: ConnectionID:430 ClientConnectionId: 069b92b3-2636-4547-82a1-c56aecc017af Prelogin error: host localhost port 55306 Unexpected end of prelogin response after 0 bytes read
Sep 02, 2026 2:12:14 AM com.microsoft.sqlserver.jdbc.SQLServerConnection prelogin
WARNING: ConnectionID:431 ClientConnectionId: b5f587f0-5584-40d0-8b99-dbc38d0d175e Prelogin error: host localhost port 55306 Unexpected end of prelogin response after 0 bytes read
Sep 02, 2026 2:12:14 AM com.microsoft.sqlserver.jdbc.SQLServerConnection prelogin
WARNING: ConnectionID:431 ClientConnectionId: cbe4f898-0b61-43df-9591-7f3b00c99826 Prelogin error: host localhost port 55306 Unexpected end of prelogin response after 0 bytes read
Sep 02, 2026 2:12:14 AM com.microsoft.sqlserver.jdbc.SQLServerConnection prelogin
WARNING: ConnectionID:432 ClientConnectionId: 96572110-cd6e-4549-9756-c8d5798be5cc Prelogin error: host localhost port 55306 Unexpected end of prelogin response after 0 bytes read
Sep 02, 2026 2:12:14 AM com.microsoft.sqlserver.jdbc.SQLServerConnection prelogin
WARNING: ConnectionID:432 ClientConnectionId: 0c592912-49d1-4f4d-92b6-4f655fc8bb14 Prelogin error: host localhost port 55306 Unexpected end of prelogin response after 0 bytes read
Sep 02, 2026 2:12:15 AM com.microsoft.sqlserver.jdbc.SQLServerConnection prelogin
WARNING: ConnectionID:433 ClientConnectionId: 0f802e3b-3169-4a28-96fb-6b642f8c5f3f Prelogin error: host localhost port 55306 Unexpected end of prelogin response after 0 bytes read
Sep 02, 2026 2:12:15 AM com.microsoft.sqlserver.jdbc.SQLServerConnection prelogin
WARNING: ConnectionID:433 ClientConnectionId: 3209ff56-44ec-4b76-af9d-ce10318f44b0 Prelogin error: host localhost port 55306 Unexpected end of prelogin response after 0 bytes read
Sep 02, 2026 2:12:15 AM com.microsoft.sqlserver.jdbc.SQLServerConnection prelogin
WARNING: ConnectionID:434 ClientConnectionId: 52a194f2-4f92-4c42-8077-90fc20e1610c Prelogin error: host localhost port 55306 Unexpected end of prelogin response after 0 bytes read
Sep 02, 2026 2:12:15 AM com.microsoft.sqlserver.jdbc.SQLServerConnection prelogin
WARNING: ConnectionID:434 ClientConnectionId: 03f7ab8b-4d01-43af-b978-9469eb860c82 Prelogin error: host localhost port 55306 Unexpected end of prelogin response after 0 bytes read
Sep 02, 2026 2:12:15 AM com.microsoft.sqlserver.jdbc.SQLServerConnection prelogin
WARNING: ConnectionID:435 ClientConnectionId: 99615718-4fb0-44be-83c9-1ec7e020cf7a Prelogin error: host localhost port 55306 Unexpected end of prelogin response after 0 bytes read
Sep 02, 2026 2:12:15 AM com.microsoft.sqlserver.jdbc.SQLServerConnection prelogin
WARNING: ConnectionID:435 ClientConnectionId: 6d675c8b-81ef-4e2c-9d14-a0cc61dbeb92 Prelogin error: host localhost port 55306 Unexpected end of prelogin response after 0 bytes read
Mockito is currently self-attaching to enable the inline-mock-maker. This will no longer work in future releases of the JDK. Please add Mockito as an agent to your build as described in Mockito's documentation: https://javadoc.io/doc/org.mockito/mockito-core/latest/org.mockito/org/mockito/Mockito.html#0.3
WARNING: A Java agent has been loaded dynamically (C:\Users\DC\.m2\repository\net\bytebuddy\byte-buddy-agent\1.18.10\byte-buddy-agent-1.18.10.jar)
WARNING: If a serviceability tool is in use, please run with -XX:+EnableDynamicAgentLoading to hide this warning
WARNING: If a serviceability tool is not in use, please run with -Djdk.instrument.traceUsage for more information
WARNING: Dynamic loading of agents will be disallowed by default in a future release
]]></system-err>
  </testcase>
</testsuite>