<?xml version="1.0" encoding="UTF-8"?>
<testsuite xmlns:xsi="http://www.w3.org/2001/XMLSchema-instance" xsi:noNamespaceSchemaLocation="https://maven.apache.org/surefire/maven-surefire-plugin/xsd/surefire-test-report.xsd" version="3.0.2" name="com.contactmanagement.backend.service.AuthServiceTest" time="2.659" tests="16" errors="0" skipped="0" failures="0" flakes="0">
  <properties>
[...]
</properties>
  <testcase name="registerWithExistingEmailShouldThrowException" classname="com.contactmanagement.backend.service.AuthServiceTest" time="1.094">
    <system-out><![CDATA[2026-09-02T02:13:18.424-07:00  INFO 26308 --- [backend] [           main] c.c.backend.service.AuthService          : User registration attempt
2026-09-02T02:13:18.435-07:00  WARN 26308 --- [backend] [           main] c.c.backend.service.AuthService          : User registration failed: email already registered
]]></system-out>
  </testcase>
  <testcase name="registerWithExistingPhoneShouldThrowException" classname="com.contactmanagement.backend.service.AuthServiceTest" time="0.057">
    <system-out><![CDATA[2026-09-02T02:13:18.553-07:00  INFO 26308 --- [backend] [           main] c.c.backend.service.AuthService          : User registration attempt
2026-09-02T02:13:18.553-07:00  WARN 26308 --- [backend] [           main] c.c.backend.service.AuthService          : User registration failed: phone number already registered
]]></system-out>
  </testcase>
  <testcase name="loginWithEmailShouldReturnToken" classname="com.contactmanagement.backend.service.AuthServiceTest" time="0.074">
    <system-out><![CDATA[2026-09-02T02:13:18.620-07:00  INFO 26308 --- [backend] [           main] c.c.backend.service.AuthService          : User login attempt
2026-09-02T02:13:18.632-07:00  INFO 26308 --- [backend] [           main] c.c.backend.service.AuthService          : User login successful
]]></system-out>
  </testcase>
  <testcase name="registerWhenDatabaseDuplicateOccursShouldThrowException" classname="com.contactmanagement.backend.service.AuthServiceTest" time="0.143">
    <system-out><![CDATA[2026-09-02T02:13:18.777-07:00  INFO 26308 --- [backend] [           main] c.c.backend.service.AuthService          : User registration attempt
2026-09-02T02:13:18.793-07:00  WARN 26308 --- [backend] [           main] c.c.backend.service.AuthService          : User registration failed due to duplicate email or phone
]]></system-out>
  </testcase>
  <testcase name="changePasswordUsingSamePasswordShouldThrowException" classname="com.contactmanagement.backend.service.AuthServiceTest" time="0.047">
    <system-out><![CDATA[2026-09-02T02:13:18.858-07:00  INFO 26308 --- [backend] [           main] c.c.backend.service.AuthService          : Password change attempt
2026-09-02T02:13:18.863-07:00  WARN 26308 --- [backend] [           main] c.c.backend.service.AuthService          : Password change failed: new password matches current password
]]></system-out>
  </testcase>
  <testcase name="registerWithPhoneShouldCreateUserSuccessfully" classname="com.contactmanagement.backend.service.AuthServiceTest" time="0.067">
    <system-out><![CDATA[2026-09-02T02:13:18.948-07:00  INFO 26308 --- [backend] [           main] c.c.backend.service.AuthService          : User registration attempt
2026-09-02T02:13:18.959-07:00  INFO 26308 --- [backend] [           main] c.c.backend.service.AuthService          : User registered successfully
]]></system-out>
  </testcase>
  <testcase name="changePasswordForUnknownUserShouldThrowException" classname="com.contactmanagement.backend.service.AuthServiceTest" time="0.063">
    <system-out><![CDATA[2026-09-02T02:13:19.041-07:00  INFO 26308 --- [backend] [           main] c.c.backend.service.AuthService          : Password change attempt
2026-09-02T02:13:19.049-07:00  WARN 26308 --- [backend] [           main] c.c.backend.service.AuthService          : Password change failed: user not found
]]></system-out>
  </testcase>
  <testcase name="registerWithEmailShouldCreateUserSuccessfully" classname="com.contactmanagement.backend.service.AuthServiceTest" time="0.279">
    <system-out><![CDATA[2026-09-02T02:13:19.314-07:00  INFO 26308 --- [backend] [           main] c.c.backend.service.AuthService          : User registration attempt
2026-09-02T02:13:19.346-07:00  INFO 26308 --- [backend] [           main] c.c.backend.service.AuthService          : User registered successfully
]]></system-out>
  </testcase>
  <testcase name="changePasswordWithPhoneShouldSucceed" classname="com.contactmanagement.backend.service.AuthServiceTest" time="0.063">
    <system-out><![CDATA[2026-09-02T02:13:19.411-07:00  INFO 26308 --- [backend] [           main] c.c.backend.service.AuthService          : Password change attempt
2026-09-02T02:13:19.415-07:00  INFO 26308 --- [backend] [           main] c.c.backend.service.AuthService          : Password changed successfully
]]></system-out>
  </testcase>
  <testcase name="changePasswordWithWrongCurrentPasswordShouldThrowException" classname="com.contactmanagement.backend.service.AuthServiceTest" time="0.102">
    <system-out><![CDATA[2026-09-02T02:13:19.466-07:00  INFO 26308 --- [backend] [           main] c.c.backend.service.AuthService          : Password change attempt
2026-09-02T02:13:19.472-07:00  WARN 26308 --- [backend] [           main] c.c.backend.service.AuthService          : Password change failed: current password is incorrect
]]></system-out>
  </testcase>
  <testcase name="changePasswordWithEmailShouldSucceed" classname="com.contactmanagement.backend.service.AuthServiceTest" time="0.216">
    <system-out><![CDATA[2026-09-02T02:13:19.712-07:00  INFO 26308 --- [backend] [           main] c.c.backend.service.AuthService          : Password change attempt
2026-09-02T02:13:19.770-07:00  INFO 26308 --- [backend] [           main] c.c.backend.service.AuthService          : Password changed successfully
]]></system-out>
  </testcase>
  <testcase name="loginWithWrongPasswordShouldThrowException" classname="com.contactmanagement.backend.service.AuthServiceTest" time="0.019">
    <system-out><![CDATA[2026-09-02T02:13:19.817-07:00  INFO 26308 --- [backend] [           main] c.c.backend.service.AuthService          : User login attempt
2026-09-02T02:13:19.819-07:00  WARN 26308 --- [backend] [           main] c.c.backend.service.AuthService          : User login failed: invalid password
]]></system-out>
  </testcase>
  <testcase name="loginWithInvalidEmailShouldThrowException" classname="com.contactmanagement.backend.service.AuthServiceTest" time="0.031">
    <system-out><![CDATA[2026-09-02T02:13:19.843-07:00  INFO 26308 --- [backend] [           main] c.c.backend.service.AuthService          : User login attempt
2026-09-02T02:13:19.847-07:00  WARN 26308 --- [backend] [           main] c.c.backend.service.AuthService          : User login failed: invalid identifier
]]></system-out>
  </testcase>
  <testcase name="registerWithoutEmailAndPhoneShouldThrowException" classname="com.contactmanagement.backend.service.AuthServiceTest" time="0.043">
    <system-out><![CDATA[2026-09-02T02:13:19.887-07:00  INFO 26308 --- [backend] [           main] c.c.backend.service.AuthService          : User registration attempt
2026-09-02T02:13:19.889-07:00  WARN 26308 --- [backend] [           main] c.c.backend.service.AuthService          : User registration failed: no email or phone provided
]]></system-out>
  </testcase>
  <testcase name="loginWithInvalidPhoneShouldThrowException" classname="com.contactmanagement.backend.service.AuthServiceTest" time="0.019">
    <system-out><![CDATA[2026-09-02T02:13:19.931-07:00  INFO 26308 --- [backend] [           main] c.c.backend.service.AuthService          : User login attempt
2026-09-02T02:13:19.937-07:00  WARN 26308 --- [backend] [           main] c.c.backend.service.AuthService          : User login failed: invalid identifier
]]></system-out>
  </testcase>
  <testcase name="loginWithPhoneShouldReturnToken" classname="com.contactmanagement.backend.service.AuthServiceTest" time="0.097">
    <system-out><![CDATA[2026-09-02T02:13:19.990-07:00  INFO 26308 --- [backend] [           main] c.c.backend.service.AuthService          : User login attempt
2026-09-02T02:13:20.042-07:00  INFO 26308 --- [backend] [           main] c.c.backend.service.AuthService          : User login successful
]]></system-out>
  </testcase>
</testsuite>