TN:
SF:src\components\Toast.jsx
FN:3,Toast
FN:8,(anonymous_1)
FN:9,(anonymous_2)
FN:13,(anonymous_3)
FNF:4
FNH:4
FNDA:9,Toast
FNDA:9,(anonymous_1)
FNDA:1,(anonymous_2)
FNDA:9,(anonymous_3)
DA:8,9
DA:9,9
DA:10,1
DA:13,9
DA:14,9
DA:18,9
LF:6
LH:6
BRDA:5,0,0,9
BRDA:24,1,0,7
BRDA:24,1,1,2
BRDA:29,2,0,7
BRDA:29,2,1,2
BRF:5
BRH:5
end_of_record
TN:
SF:src\context\AuthContext.jsx
FN:11,AuthProvider
FN:15,(anonymous_1)
FN:24,(anonymous_2)
FN:27,(anonymous_3)
FN:31,(anonymous_4)
FN:36,(anonymous_5)
FN:53,(anonymous_6)
FN:73,useAuth
FNF:8
FNH:8
FNDA:12,AuthProvider
FNDA:5,(anonymous_1)
FNDA:2,(anonymous_2)
FNDA:1,(anonymous_3)
FNDA:3,(anonymous_4)
FNDA:1,(anonymous_5)
FNDA:1,(anonymous_6)
FNDA:15,useAuth
DA:9,1
DA:12,12
DA:13,12
DA:15,12
DA:16,5
DA:18,5
DA:19,2
DA:20,2
DA:23,3
DA:25,2
DA:28,1
DA:29,1
DA:32,3
DA:36,12
DA:37,1
DA:42,1
DA:44,1
DA:46,1
DA:48,1
DA:50,1
DA:53,12
DA:54,1
DA:55,1
DA:58,12
DA:66,12
DA:74,15
DA:76,15
DA:77,2
DA:82,12
LF:29
LH:29
BRDA:18,0,0,2
BRDA:18,0,1,3
BRDA:76,1,0,2
BRDA:76,1,1,13
BRF:4
BRH:4
end_of_record
TN:
SF:src\context\ToastContext.jsx
FN:6,ToastProvider
FN:9,(anonymous_1)
FN:17,(anonymous_2)
FN:42,useToast
FNF:4
FNH:4
FNDA:10,ToastProvider
FNDA:4,(anonymous_1)
FNDA:2,(anonymous_2)
FNDA:13,useToast
DA:4,1
DA:7,10
DA:9,10
DA:10,4
DA:17,10
DA:18,2
DA:21,10
DA:43,13
DA:45,13
DA:46,2
DA:51,10
LF:11
LH:11
BRDA:9,0,0,4
BRDA:30,1,0,10
BRDA:30,1,1,4
BRDA:45,2,0,2
BRDA:45,2,1,11
BRF:5
BRH:5
end_of_record
TN:
SF:src\pages\AddContact.jsx
FN:6,(anonymous_0)
FN:12,(anonymous_1)
FN:18,AddContact
FN:33,(anonymous_3)
FN:36,(anonymous_4)
FN:42,(anonymous_5)
FN:43,(anonymous_6)
FN:45,(anonymous_7)
FN:56,(anonymous_8)
FN:57,(anonymous_9)
FN:59,(anonymous_10)
FN:70,(anonymous_11)
FN:71,(anonymous_12)
FN:80,(anonymous_13)
FN:81,(anonymous_14)
FN:83,(anonymous_15)
FN:89,(anonymous_16)
FN:90,(anonymous_17)
FN:99,(anonymous_18)
FN:100,(anonymous_19)
FN:102,(anonymous_20)
FN:108,(anonymous_21)
FN:118,(anonymous_22)
FN:122,(anonymous_23)
FN:141,(anonymous_24)
FN:146,(anonymous_25)
FN:199,(anonymous_26)
FN:333,(anonymous_27)
FN:353,(anonymous_28)
FN:382,(anonymous_29)
FN:416,(anonymous_30)
FN:462,(anonymous_31)
FN:482,(anonymous_32)
FN:511,(anonymous_33)
FN:549,(anonymous_34)
FN:571,(anonymous_35)
FNF:36
FNH:36
FNDA:101,(anonymous_0)
FNDA:101,(anonymous_1)
FNDA:97,AddContact
FNDA:15,(anonymous_3)
FNDA:15,(anonymous_4)
FNDA:13,(anonymous_5)
FNDA:13,(anonymous_6)
FNDA:15,(anonymous_7)
FNDA:12,(anonymous_8)
FNDA:12,(anonymous_9)
FNDA:14,(anonymous_10)
FNDA:4,(anonymous_11)
FNDA:4,(anonymous_12)
FNDA:1,(anonymous_13)
FNDA:1,(anonymous_14)
FNDA:2,(anonymous_15)
FNDA:4,(anonymous_16)
FNDA:4,(anonymous_17)
FNDA:1,(anonymous_18)
FNDA:1,(anonymous_19)
FNDA:2,(anonymous_20)
FNDA:11,(anonymous_21)
FNDA:11,(anonymous_22)
FNDA:11,(anonymous_23)
FNDA:8,(anonymous_24)
FNDA:8,(anonymous_25)
FNDA:1,(anonymous_26)
FNDA:106,(anonymous_27)
FNDA:11,(anonymous_28)
FNDA:2,(anonymous_29)
FNDA:1,(anonymous_30)
FNDA:105,(anonymous_31)
FNDA:10,(anonymous_32)
FNDA:2,(anonymous_33)
FNDA:1,(anonymous_34)
FNDA:1,(anonymous_35)
DA:6,101
DA:12,101
DA:19,97
DA:20,97
DA:22,97
DA:30,97
DA:31,97
DA:33,97
DA:34,15
DA:36,15
DA:42,97
DA:43,13
DA:46,15
DA:56,97
DA:57,12
DA:60,14
DA:70,97
DA:71,4
DA:80,97
DA:81,1
DA:84,2
DA:89,97
DA:90,4
DA:99,97
DA:100,1
DA:103,2
DA:108,97
DA:109,11
DA:111,11
DA:113,11
DA:114,1
DA:115,1
DA:118,10
DA:119,11
DA:122,10
DA:123,11
DA:126,10
DA:127,1
DA:128,1
DA:131,9
DA:132,1
DA:133,1
DA:136,8
DA:141,8
DA:146,8
DA:152,8
DA:153,8
DA:155,8
DA:157,4
DA:162,4
DA:164,4
DA:166,4
DA:170,2
DA:173,2
DA:176,2
DA:177,1
DA:179,1
DA:184,8
DA:188,97
DA:199,1
DA:335,106
DA:356,11
DA:385,2
DA:417,1
DA:464,105
DA:485,10
DA:514,2
DA:550,1
DA:572,1
LF:69
LH:69
BRDA:46,0,0,13
BRDA:46,0,1,2
BRDA:60,1,0,12
BRDA:60,1,1,2
BRDA:113,2,0,1
BRDA:113,2,1,10
BRDA:126,3,0,1
BRDA:126,3,1,9
BRDA:131,4,0,1
BRDA:131,4,1,8
BRDA:166,5,0,2
BRDA:166,5,1,2
BRDA:167,6,0,4
BRDA:167,6,1,3
BRDA:176,7,0,1
BRDA:176,7,1,1
BRDA:225,8,0,97
BRDA:225,8,1,7
BRDA:411,9,0,106
BRDA:411,9,1,18
BRDA:544,10,0,105
BRDA:544,10,1,16
BRDA:584,11,0,8
BRDA:584,11,1,89
BRF:24
BRH:24
end_of_record
TN:
SF:src\pages\Contacts.jsx
FN:7,Contacts
FN:34,(anonymous_1)
FN:80,(anonymous_2)
FN:84,(anonymous_3)
FN:91,(anonymous_4)
FN:97,(anonymous_5)
FN:99,(anonymous_6)
FN:106,(anonymous_7)
FN:108,(anonymous_8)
FN:115,(anonymous_9)
FN:120,(anonymous_10)
FN:127,(anonymous_11)
FN:135,(anonymous_12)
FN:147,(anonymous_13)
FN:173,(anonymous_14)
FN:206,(anonymous_15)
FN:217,(anonymous_16)
FN:228,(anonymous_17)
FN:288,(anonymous_18)
FN:304,(anonymous_19)
FN:378,(anonymous_20)
FN:407,(anonymous_21)
FN:443,(anonymous_22)
FN:455,(anonymous_23)
FN:467,(anonymous_24)
FNF:25
FNH:25
FNDA:123,Contacts
FNDA:47,(anonymous_1)
FNDA:44,(anonymous_2)
FNDA:4,(anonymous_3)
FNDA:2,(anonymous_4)
FNDA:1,(anonymous_5)
FNDA:1,(anonymous_6)
FNDA:2,(anonymous_7)
FNDA:2,(anonymous_8)
FNDA:1,(anonymous_9)
FNDA:1,(anonymous_10)
FNDA:9,(anonymous_11)
FNDA:1,(anonymous_12)
FNDA:7,(anonymous_13)
FNDA:1,(anonymous_14)
FNDA:133,(anonymous_15)
FNDA:133,(anonymous_16)
FNDA:150,(anonymous_17)
FNDA:1,(anonymous_18)
FNDA:4,(anonymous_19)
FNDA:1,(anonymous_20)
FNDA:133,(anonymous_21)
FNDA:1,(anonymous_22)
FNDA:1,(anonymous_23)
FNDA:9,(anonymous_24)
DA:8,123
DA:9,123
DA:10,123
DA:12,123
DA:13,123
DA:14,123
DA:16,123
DA:17,123
DA:19,123
DA:20,123
DA:22,123
DA:23,123
DA:27,123
DA:30,123
DA:32,123
DA:34,123
DA:35,47
DA:36,47
DA:37,47
DA:39,47
DA:44,47
DA:45,4
DA:48,47
DA:52,44
DA:54,44
DA:55,47
DA:56,47
DA:58,3
DA:63,3
DA:67,2
DA:68,2
DA:69,2
DA:72,1
DA:76,47
DA:80,123
DA:81,44
DA:84,123
DA:85,4
DA:87,4
DA:88,4
DA:91,123
DA:92,2
DA:93,2
DA:94,2
DA:97,123
DA:98,1
DA:99,1
DA:101,1
DA:106,123
DA:107,2
DA:108,2
DA:110,2
DA:115,123
DA:116,1
DA:117,1
DA:120,123
DA:121,1
DA:127,123
DA:128,9
DA:129,9
DA:135,123
DA:136,1
DA:137,0
DA:140,1
DA:141,1
DA:147,123
DA:148,7
DA:149,0
DA:152,7
DA:153,7
DA:154,7
DA:156,7
DA:160,4
DA:161,4
DA:163,4
DA:172,4
DA:173,1
DA:175,1
DA:178,3
DA:181,3
DA:186,3
DA:190,2
DA:191,2
DA:192,2
DA:193,2
DA:194,2
DA:197,1
DA:202,7
DA:206,123
DA:207,133
DA:211,1
DA:214,132
DA:217,123
DA:218,133
DA:222,1
DA:225,132
DA:228,123
DA:229,150
DA:235,123
DA:237,123
DA:289,1
DA:305,4
DA:379,1
DA:409,133
DA:444,1
DA:456,1
DA:468,9
LF:107
LH:105
BRDA:44,0,0,4
BRDA:44,0,1,43
BRDA:54,1,0,44
BRDA:54,1,1,0
BRDA:55,2,0,47
BRDA:55,2,1,5
BRDA:56,3,0,47
BRDA:56,3,1,5
BRDA:63,4,0,2
BRDA:63,4,1,1
BRDA:64,5,0,3
BRDA:64,5,1,2
BRDA:98,6,0,1
BRDA:98,6,1,0
BRDA:107,7,0,2
BRDA:107,7,1,0
BRDA:136,8,0,0
BRDA:136,8,1,1
BRDA:148,9,0,0
BRDA:148,9,1,7
BRDA:172,10,0,1
BRDA:172,10,1,3
BRDA:172,11,0,4
BRDA:172,11,1,1
BRDA:186,12,0,2
BRDA:186,12,1,1
BRDA:187,13,0,3
BRDA:187,13,1,2
BRDA:207,14,0,1
BRDA:207,14,1,132
BRDA:208,15,0,133
BRDA:208,15,1,133
BRDA:218,16,0,1
BRDA:218,16,1,132
BRDA:219,17,0,133
BRDA:219,17,1,133
BRDA:229,18,0,150
BRDA:229,18,1,0
BRDA:230,19,0,150
BRDA:230,19,1,1
BRDA:235,20,0,44
BRDA:235,20,1,79
BRDA:246,21,0,123
BRDA:246,21,1,4
BRDA:246,21,2,2
BRDA:279,22,0,118
BRDA:279,22,1,5
BRDA:318,23,0,123
BRDA:318,23,1,12
BRDA:329,24,0,123
BRDA:329,24,1,12
BRDA:336,25,0,123
BRDA:336,25,1,43
BRDA:342,26,0,123
BRDA:342,26,1,80
BRDA:342,26,2,1
BRDA:348,27,0,123
BRDA:348,27,1,80
BRDA:348,27,2,79
BRDA:348,27,3,7
BRDA:353,28,0,2
BRDA:353,28,1,5
BRDA:359,29,0,2
BRDA:359,29,1,5
BRDA:364,30,0,2
BRDA:364,30,1,5
BRDA:390,31,0,123
BRDA:390,31,1,80
BRDA:390,31,2,79
BRDA:390,31,3,72
BRDA:423,32,0,133
BRDA:423,32,1,1
BRDA:491,33,0,72
BRDA:491,33,1,6
BRDA:509,34,0,72
BRDA:509,34,1,52
BRDA:522,35,0,123
BRDA:522,35,1,17
BRDA:522,35,2,17
BRDA:574,36,0,7
BRDA:574,36,1,10
BRF:81
BRH:75
end_of_record
TN:
SF:src\pages\EditContact.jsx
FN:6,EditContact
FN:23,(anonymous_1)
FN:24,(anonymous_2)
FN:41,(anonymous_3)
FN:48,(anonymous_4)
FN:82,(anonymous_5)
FN:85,(anonymous_6)
FN:91,(anonymous_7)
FN:96,(anonymous_8)
FN:99,(anonymous_9)
FN:111,(anonymous_10)
FN:116,(anonymous_11)
FN:119,(anonymous_12)
FN:131,(anonymous_13)
FN:132,(anonymous_14)
FN:145,(anonymous_15)
FN:146,(anonymous_16)
FN:149,(anonymous_17)
FN:156,(anonymous_18)
FN:157,(anonymous_19)
FN:170,(anonymous_20)
FN:171,(anonymous_21)
FN:174,(anonymous_22)
FN:181,(anonymous_23)
FN:191,(anonymous_24)
FN:195,(anonymous_25)
FN:216,(anonymous_26)
FN:221,(anonymous_27)
FN:300,(anonymous_28)
FN:318,(anonymous_29)
FN:340,(anonymous_30)
FN:508,(anonymous_31)
FN:534,(anonymous_32)
FN:563,(anonymous_33)
FN:595,(anonymous_34)
FN:648,(anonymous_35)
FN:674,(anonymous_36)
FN:703,(anonymous_37)
FN:739,(anonymous_38)
FN:760,(anonymous_39)
FNF:40
FNH:39
FNDA:202,EditContact
FNDA:27,(anonymous_1)
FNDA:27,(anonymous_2)
FNDA:23,(anonymous_3)
FNDA:23,(anonymous_4)
FNDA:59,(anonymous_5)
FNDA:59,(anonymous_6)
FNDA:36,(anonymous_7)
FNDA:36,(anonymous_8)
FNDA:36,(anonymous_9)
FNDA:28,(anonymous_10)
FNDA:28,(anonymous_11)
FNDA:28,(anonymous_12)
FNDA:2,(anonymous_13)
FNDA:2,(anonymous_14)
FNDA:1,(anonymous_15)
FNDA:1,(anonymous_16)
FNDA:2,(anonymous_17)
FNDA:2,(anonymous_18)
FNDA:2,(anonymous_19)
FNDA:1,(anonymous_20)
FNDA:1,(anonymous_21)
FNDA:2,(anonymous_22)
FNDA:11,(anonymous_23)
FNDA:11,(anonymous_24)
FNDA:11,(anonymous_25)
FNDA:8,(anonymous_26)
FNDA:8,(anonymous_27)
FNDA:1,(anonymous_28)
FNDA:1,(anonymous_29)
FNDA:0,(anonymous_30)
FNDA:175,(anonymous_31)
FNDA:35,(anonymous_32)
FNDA:1,(anonymous_33)
FNDA:1,(anonymous_34)
FNDA:174,(anonymous_35)
FNDA:27,(anonymous_36)
FNDA:1,(anonymous_37)
FNDA:1,(anonymous_38)
FNDA:1,(anonymous_39)
DA:7,202
DA:8,202
DA:9,202
DA:11,202
DA:19,202
DA:20,202
DA:21,202
DA:23,202
DA:24,27
DA:25,27
DA:26,27
DA:27,27
DA:29,27
DA:33,22
DA:35,22
DA:41,23
DA:48,23
DA:55,5
DA:60,5
DA:61,2
DA:62,3
DA:66,2
DA:70,1
DA:75,27
DA:79,27
DA:82,202
DA:83,59
DA:85,59
DA:91,202
DA:96,36
DA:101,36
DA:111,202
DA:116,28
DA:121,28
DA:131,202
DA:132,2
DA:145,202
DA:146,1
DA:151,2
DA:156,202
DA:157,2
DA:170,202
DA:171,1
DA:176,2
DA:181,202
DA:182,11
DA:184,11
DA:186,11
DA:187,1
DA:188,1
DA:191,10
DA:192,11
DA:195,10
DA:196,11
DA:199,10
DA:200,1
DA:201,1
DA:204,9
DA:205,1
DA:208,1
DA:211,8
DA:216,8
DA:221,8
DA:227,8
DA:228,8
DA:230,8
DA:235,4
DA:240,4
DA:242,4
DA:247,4
DA:251,2
DA:254,2
DA:257,2
DA:258,1
DA:260,1
DA:265,8
DA:269,202
DA:270,27
DA:288,175
DA:289,6
DA:301,1
DA:319,1
DA:329,169
DA:341,0
DA:513,175
DA:537,35
DA:566,1
DA:596,1
DA:653,174
DA:677,27
DA:706,1
DA:740,1
DA:761,1
LF:93
LH:92
BRDA:36,0,0,22
BRDA:36,0,1,1
BRDA:37,1,0,27
BRDA:37,1,1,1
BRDA:38,2,0,27
BRDA:38,2,1,1
BRDA:41,3,0,27
BRDA:41,3,1,0
BRDA:43,4,0,23
BRDA:43,4,1,1
BRDA:44,5,0,23
BRDA:44,5,1,1
BRDA:48,6,0,27
BRDA:48,6,1,0
BRDA:50,7,0,23
BRDA:50,7,1,1
BRDA:51,8,0,23
BRDA:51,8,1,1
BRDA:60,9,0,2
BRDA:60,9,1,3
BRDA:62,10,0,2
BRDA:62,10,1,1
BRDA:63,11,0,3
BRDA:63,11,1,2
BRDA:101,12,0,36
BRDA:101,12,1,0
BRDA:121,13,0,28
BRDA:121,13,1,0
BRDA:186,14,0,1
BRDA:186,14,1,10
BRDA:199,15,0,1
BRDA:199,15,1,9
BRDA:204,16,0,1
BRDA:204,16,1,8
BRDA:247,17,0,2
BRDA:247,17,1,2
BRDA:248,18,0,4
BRDA:248,18,1,3
BRDA:257,19,0,1
BRDA:257,19,1,1
BRDA:269,20,0,27
BRDA:269,20,1,175
BRDA:288,21,0,6
BRDA:288,21,1,169
BRDA:288,22,0,175
BRDA:288,22,1,12
BRDA:374,23,0,202
BRDA:374,23,1,6
BRDA:516,24,0,175
BRDA:516,24,1,5
BRDA:656,25,0,174
BRDA:656,25,1,4
BRDA:779,26,0,8
BRDA:779,26,1,161
BRF:54
BRH:50
end_of_record
TN:
SF:src\pages\Login.jsx
FN:6,Login
FN:19,(anonymous_1)
FN:22,(anonymous_2)
FN:28,(anonymous_3)
FNF:4
FNH:4
FNDA:41,Login
FNDA:16,(anonymous_1)
FNDA:16,(anonymous_2)
FNDA:9,(anonymous_3)
DA:7,41
DA:8,41
DA:9,41
DA:11,41
DA:16,41
DA:17,41
DA:19,41
DA:20,16
DA:22,16
DA:28,41
DA:29,9
DA:31,9
DA:33,9
DA:34,1
DA:35,1
DA:38,8
DA:39,1
DA:40,1
DA:43,7
DA:44,7
DA:46,7
DA:51,2
DA:56,2
DA:58,5
DA:63,5
DA:64,1
DA:67,4
DA:71,3
DA:73,3
DA:74,1
DA:77,2
DA:80,1
DA:84,1
DA:89,1
DA:94,7
DA:98,41
LF:36
LH:36
BRDA:33,0,0,1
BRDA:33,0,1,8
BRDA:38,1,0,1
BRDA:38,1,1,7
BRDA:63,2,0,1
BRDA:63,2,1,4
BRDA:67,3,0,3
BRDA:67,3,1,1
BRDA:73,4,0,1
BRDA:73,4,1,2
BRDA:77,5,0,1
BRDA:77,5,1,1
BRDA:115,6,0,41
BRDA:115,6,1,7
BRDA:164,7,0,7
BRDA:164,7,1,34
BRF:16
BRH:16
end_of_record
TN:
SF:src\pages\Profile.jsx
FN:7,Profile
FN:30,(anonymous_1)
FN:35,(anonymous_2)
FN:43,(anonymous_3)
FN:55,(anonymous_4)
FN:171,(anonymous_5)
FN:307,(anonymous_6)
FN:330,(anonymous_7)
FN:353,(anonymous_8)
FNF:9
FNH:9
FNDA:457,Profile
FNDA:2,(anonymous_1)
FNDA:18,(anonymous_2)
FNDA:6,(anonymous_3)
FNDA:13,(anonymous_4)
FNDA:1,(anonymous_5)
FNDA:144,(anonymous_6)
FNDA:129,(anonymous_7)
FNDA:120,(anonymous_8)
DA:8,457
DA:9,457
DA:10,457
DA:13,457
DA:16,457
DA:19,457
DA:22,457
DA:25,457
DA:28,457
DA:30,457
DA:31,2
DA:32,2
DA:35,457
DA:36,18
DA:37,18
DA:38,18
DA:39,18
DA:40,18
DA:43,457
DA:44,6
DA:45,0
DA:48,6
DA:49,6
DA:50,6
DA:51,6
DA:52,6
DA:55,457
DA:56,13
DA:58,13
DA:60,13
DA:61,1
DA:64,1
DA:67,12
DA:68,1
DA:71,1
DA:74,11
DA:75,1
DA:78,1
DA:81,10
DA:82,1
DA:85,1
DA:88,9
DA:89,1
DA:92,1
DA:95,8
DA:96,8
DA:98,8
DA:106,3
DA:111,3
DA:113,5
DA:118,5
DA:122,2
DA:123,2
DA:124,2
DA:128,3
DA:130,5
DA:131,1
DA:134,2
DA:135,1
DA:137,1
DA:142,8
DA:146,457
DA:172,1
DA:308,144
DA:331,129
DA:354,120
LF:66
LH:65
BRDA:44,0,0,0
BRDA:44,0,1,6
BRDA:60,1,0,1
BRDA:60,1,1,12
BRDA:67,2,0,1
BRDA:67,2,1,11
BRDA:74,3,0,1
BRDA:74,3,1,10
BRDA:81,4,0,1
BRDA:81,4,1,9
BRDA:88,5,0,1
BRDA:88,5,1,8
BRDA:118,6,0,2
BRDA:118,6,1,3
BRDA:119,7,0,5
BRDA:119,7,1,4
BRDA:130,8,0,1
BRDA:130,8,1,2
BRDA:134,9,0,1
BRDA:134,9,1,1
BRDA:200,10,0,457
BRDA:200,10,1,1
BRDA:210,11,0,457
BRDA:210,11,1,1
BRDA:220,12,0,457
BRDA:220,12,1,1
BRDA:230,13,0,457
BRDA:230,13,1,1
BRDA:257,14,0,457
BRDA:257,14,1,429
BRDA:284,15,0,429
BRDA:284,15,1,8
BRDA:386,16,0,8
BRDA:386,16,1,421
BRF:34
BRH:33
end_of_record
TN:
SF:src\pages\Register.jsx
FN:6,Register
FN:22,(anonymous_1)
FN:25,(anonymous_2)
FN:31,(anonymous_3)
FNF:4
FNH:4
FNDA:92,Register
FNDA:58,(anonymous_1)
FNDA:58,(anonymous_2)
FNDA:12,(anonymous_3)
DA:7,92
DA:8,92
DA:10,92
DA:19,92
DA:20,92
DA:22,92
DA:23,58
DA:25,58
DA:31,92
DA:32,12
DA:34,12
DA:36,12
DA:37,1
DA:38,1
DA:41,11
DA:42,1
DA:43,1
DA:46,10
DA:47,1
DA:50,1
DA:53,9
DA:57,1
DA:58,1
DA:61,8
DA:69,8
DA:70,8
DA:72,8
DA:77,3
DA:82,3
DA:84,5
DA:89,5
DA:90,1
DA:93,4
DA:97,3
DA:99,3
DA:102,1
DA:105,2
DA:108,1
DA:112,1
DA:117,1
DA:122,8
DA:126,92
LF:42
LH:42
BRDA:36,0,0,1
BRDA:36,0,1,11
BRDA:41,1,0,1
BRDA:41,1,1,10
BRDA:46,2,0,1
BRDA:46,2,1,9
BRDA:53,3,0,1
BRDA:53,3,1,8
BRDA:89,4,0,1
BRDA:89,4,1,4
BRDA:93,5,0,3
BRDA:93,5,1,1
BRDA:99,6,0,1
BRDA:99,6,1,2
BRDA:105,7,0,1
BRDA:105,7,1,1
BRDA:144,8,0,92
BRDA:144,8,1,9
BRDA:277,9,0,8
BRDA:277,9,1,84
BRF:20
BRH:20
end_of_record
TN:
SF:src\services\api.js
FN:10,(anonymous_0)
FN:19,(anonymous_1)
FNF:2
FNH:2
FNDA:3,(anonymous_0)
FNDA:1,(anonymous_1)
DA:3,1
DA:10,1
DA:12,3
DA:14,3
DA:15,1
DA:18,3
DA:20,1
LF:7
LH:7
BRDA:14,0,0,1
BRDA:14,0,1,2
BRF:2
BRH:2
end_of_record
